!SESSION 2016-03-14 14:57:54.466 -----------------------------------------------
eclipse.buildId=debbuild
java.version=1.8.0_66-internal
java.vendor=Oracle Corporation
BootLoader constants: OS=linux, ARCH=x86_64, WS=gtk, NL=en_IN
Command-line arguments:  -data /home/qwerty/Desktop/mycodes/PythonWorkspace -os linux -ws gtk -arch x86_64

!ENTRY org.eclipse.jface 2 0 2016-03-14 14:58:11.792
!MESSAGE Keybinding conflicts occurred.  They may interfere with normal accelerator operation.
!SUBENTRY 1 org.eclipse.jface 2 0 2016-03-14 14:58:11.792
!MESSAGE A conflict occurred for ALT+SHIFT+X R:
Binding(ALT+SHIFT+X R,
	ParameterizedCommand(Command(org.eclipse.rap.ui.launch.RAPLaunchShortcut.run,Run RAP Application,
		Run RAP Application,
		Category(org.eclipse.debug.ui.category.run,Run/Debug,Run/Debug command category,true),
		,
		,,true),null),
	org.eclipse.ui.defaultAcceleratorConfiguration,
	org.eclipse.ui.contexts.window,,,system)
Binding(ALT+SHIFT+X R,
	ParameterizedCommand(Command(org.eclipse.wst.server.launchShortcut.run,Run on Server,
		Run the current selection on a server,
		Category(org.eclipse.debug.ui.category.run,Run/Debug,Run/Debug command category,true),
		,
		,,true),null),
	org.eclipse.ui.defaultAcceleratorConfiguration,
	org.eclipse.ui.contexts.window,,,system)
!SUBENTRY 1 org.eclipse.jface 2 0 2016-03-14 14:58:11.792
!MESSAGE A conflict occurred for ALT+SHIFT+D R:
Binding(ALT+SHIFT+D R,
	ParameterizedCommand(Command(org.eclipse.rap.ui.launch.RAPLaunchShortcut.debug,Debug RAP Application,
		Debug RAP Application,
		Category(org.eclipse.debug.ui.category.run,Run/Debug,Run/Debug command category,true),
		,
		,,true),null),
	org.eclipse.ui.defaultAcceleratorConfiguration,
	org.eclipse.ui.contexts.window,,,system)
Binding(ALT+SHIFT+D R,
	ParameterizedCommand(Command(org.eclipse.wst.server.launchShortcut.debug,Debug on Server,
		Debug the current selection on a server,
		Category(org.eclipse.debug.ui.category.run,Run/Debug,Run/Debug command category,true),
		,
		,,true),null),
	org.eclipse.ui.defaultAcceleratorConfiguration,
	org.eclipse.ui.contexts.window,,,system)
!SESSION 2016-03-14 15:00:40.484 -----------------------------------------------
eclipse.buildId=debbuild
java.version=1.8.0_66-internal
java.vendor=Oracle Corporation
BootLoader constants: OS=linux, ARCH=x86_64, WS=gtk, NL=en_IN
Command-line arguments:  -os linux -ws gtk -arch x86_64

!ENTRY org.eclipse.jface 2 0 2016-03-14 15:00:58.799
!MESSAGE Keybinding conflicts occurred.  They may interfere with normal accelerator operation.
!SUBENTRY 1 org.eclipse.jface 2 0 2016-03-14 15:00:58.799
!MESSAGE A conflict occurred for ALT+SHIFT+D R:
Binding(ALT+SHIFT+D R,
	ParameterizedCommand(Command(org.eclipse.rap.ui.launch.RAPLaunchShortcut.debug,Debug RAP Application,
		Debug RAP Application,
		Category(org.eclipse.debug.ui.category.run,Run/Debug,Run/Debug command category,true),
		,
		,,true),null),
	org.eclipse.ui.defaultAcceleratorConfiguration,
	org.eclipse.ui.contexts.window,,,system)
Binding(ALT+SHIFT+D R,
	ParameterizedCommand(Command(org.eclipse.wst.server.launchShortcut.debug,Debug on Server,
		Debug the current selection on a server,
		Category(org.eclipse.debug.ui.category.run,Run/Debug,Run/Debug command category,true),
		,
		,,true),null),
	org.eclipse.ui.defaultAcceleratorConfiguration,
	org.eclipse.ui.contexts.window,,,system)
!SUBENTRY 1 org.eclipse.jface 2 0 2016-03-14 15:00:58.799
!MESSAGE A conflict occurred for ALT+SHIFT+X R:
Binding(ALT+SHIFT+X R,
	ParameterizedCommand(Command(org.eclipse.rap.ui.launch.RAPLaunchShortcut.run,Run RAP Application,
		Run RAP Application,
		Category(org.eclipse.debug.ui.category.run,Run/Debug,Run/Debug command category,true),
		,
		,,true),null),
	org.eclipse.ui.defaultAcceleratorConfiguration,
	org.eclipse.ui.contexts.window,,,system)
Binding(ALT+SHIFT+X R,
	ParameterizedCommand(Command(org.eclipse.wst.server.launchShortcut.run,Run on Server,
		Run the current selection on a server,
		Category(org.eclipse.debug.ui.category.run,Run/Debug,Run/Debug command category,true),
		,
		,,true),null),
	org.eclipse.ui.defaultAcceleratorConfiguration,
	org.eclipse.ui.contexts.window,,,system)

!ENTRY org.python.pydev.shared_core 1 1 2016-03-14 15:02:45.966
!MESSAGE - Ok, file is non-null. Getting info on:/usr/bin/python
- Beggining task:Getting libs totalWork:100
- Setting task name:Mounting executable string...
- Setting task name:Executing:  /usr/bin/python -u /home/qwerty/.eclipse/org.eclipse.platform_3.8_155965261/plugins/org.python.pydev_4.5.4.201601292234/pysrc/interpreterInfo.py
- Setting task name:Making pythonpath environment... /usr/bin/python -u /home/qwerty/.eclipse/org.eclipse.platform_3.8_155965261/plugins/org.python.pydev_4.5.4.201601292234/pysrc/interpreterInfo.py
- Setting task name:Making exec... /usr/bin/python -u /home/qwerty/.eclipse/org.eclipse.platform_3.8_155965261/plugins/org.python.pydev_4.5.4.201601292234/pysrc/interpreterInfo.py
- Setting task name:Reading output...
- Setting task name:Waiting for process to finish.
- Success getting the info. Result:<xml>
<name>python</name>
<version>2.7</version>
<executable>/usr/bin/python</executable>
<lib>/usr/lib/python2.7</lib>
<lib>/usr/lib/python2.7/plat-x86_64-linux-gnu</lib>
<lib>/usr/lib/python2.7/lib-tk</lib>
<lib>/usr/lib/python2.7/lib-dynload</lib>
<lib>/home/qwerty/.local/lib/python2.7/site-packages</lib>
<lib>/usr/local/lib/python2.7/dist-packages</lib>
<lib>/usr/lib/python2.7/dist-packages</lib>
<lib>/usr/lib/python2.7/dist-packages/PILcompat</lib>
<lib>/usr/lib/python2.7/dist-packages/gtk-2.0</lib>
<lib>/usr/lib/python2.7/dist-packages/ubuntu-sso-client</lib>
<forced_lib>Image</forced_lib>
<forced_lib>OpenGL</forced_lib>
<forced_lib>__builtin__</forced_lib>
<forced_lib>__main__</forced_lib>
<forced_lib>_ast</forced_lib>
<forced_lib>_bisect</forced_lib>
<forced_lib>_bytesio</forced_lib>
<forced_lib>_codecs</forced_lib>
<forced_lib>_codecs_cn</forced_lib>
<forced_lib>_codecs_hk</forced_lib>
<forced_lib>_codecs_iso2022</forced_lib>
<forced_lib>_codecs_jp</forced_lib>
<forced_lib>_codecs_kr</forced_lib>
<forced_lib>_codecs_tw</forced_lib>
<forced_lib>_collections</forced_lib>
<forced_lib>_csv</forced_lib>
<forced_lib>_fileio</forced_lib>
<forced_lib>_functools</forced_lib>
<forced_lib>_heapq</forced_lib>
<forced_lib>_hotshot</forced_lib>
<forced_lib>_io</forced_lib>
<forced_lib>_json</forced_lib>
<forced_lib>_locale</forced_lib>
<forced_lib>_lsprof</forced_lib>
<forced_lib>_md5</forced_lib>
<forced_lib>_multibytecodec</forced_lib>
<forced_lib>_random</forced_lib>
<forced_lib>_sha</forced_lib>
<forced_lib>_sha256</forced_lib>
<forced_lib>_sha512</forced_lib>
<forced_lib>_socket</forced_lib>
<forced_lib>_sre</forced_lib>
<forced_lib>_struct</forced_lib>
<forced_lib>_subprocess</forced_lib>
<forced_lib>_symtable</forced_lib>
<forced_lib>_warnings</forced_lib>
<forced_lib>_weakref</forced_lib>
<forced_lib>_winreg</forced_lib>
<forced_lib>array</forced_lib>
<forced_lib>audioop</forced_lib>
<forced_lib>binascii</forced_lib>
<forced_lib>cPickle</forced_lib>
<forced_lib>cStringIO</forced_lib>
<forced_lib>cmath</forced_lib>
<forced_lib>datetime</forced_lib>
<forced_lib>email</forced_lib>
<forced_lib>errno</forced_lib>
<forced_lib>exceptions</forced_lib>
<forced_lib>fcntl</forced_lib>
<forced_lib>future_builtins</forced_lib>
<forced_lib>gc</forced_lib>
<forced_lib>gi</forced_lib>
<forced_lib>grp</forced_lib>
<forced_lib>hashlib</forced_lib>
<forced_lib>imageop</forced_lib>
<forced_lib>imp</forced_lib>
<forced_lib>itertools</forced_lib>
<forced_lib>marshal</forced_lib>
<forced_lib>math</forced_lib>
<forced_lib>mmap</forced_lib>
<forced_lib>msvcrt</forced_lib>
<forced_lib>nose</forced_lib>
<forced_lib>nose.tools</forced_lib>
<forced_lib>nt</forced_lib>
<forced_lib>numpy</forced_lib>
<forced_lib>operator</forced_lib>
<forced_lib>os</forced_lib>
<forced_lib>os.path</forced_lib>
<forced_lib>parser</forced_lib>
<forced_lib>posix</forced_lib>
<forced_lib>pwd</forced_lib>
<forced_lib>pytest</forced_lib>
<forced_lib>scipy</forced_lib>
<forced_lib>select</forced_lib>
<forced_lib>signal</forced_lib>
<forced_lib>socket</forced_lib>
<forced_lib>spwd</forced_lib>
<forced_lib>strop</forced_lib>
<forced_lib>sys</forced_lib>
<forced_lib>syslog</forced_lib>
<forced_lib>thread</forced_lib>
<forced_lib>time</forced_lib>
<forced_lib>unicodedata</forced_lib>
<forced_lib>wx</forced_lib>
<forced_lib>wxPython</forced_lib>
<forced_lib>xxsubtype</forced_lib>
<forced_lib>zipimport</forced_lib>
<forced_lib>zlib</forced_lib>
</xml>

!STACK 0
java.lang.RuntimeException: - Ok, file is non-null. Getting info on:/usr/bin/python
- Beggining task:Getting libs totalWork:100
- Setting task name:Mounting executable string...
- Setting task name:Executing:  /usr/bin/python -u /home/qwerty/.eclipse/org.eclipse.platform_3.8_155965261/plugins/org.python.pydev_4.5.4.201601292234/pysrc/interpreterInfo.py
- Setting task name:Making pythonpath environment... /usr/bin/python -u /home/qwerty/.eclipse/org.eclipse.platform_3.8_155965261/plugins/org.python.pydev_4.5.4.201601292234/pysrc/interpreterInfo.py
- Setting task name:Making exec... /usr/bin/python -u /home/qwerty/.eclipse/org.eclipse.platform_3.8_155965261/plugins/org.python.pydev_4.5.4.201601292234/pysrc/interpreterInfo.py
- Setting task name:Reading output...
- Setting task name:Waiting for process to finish.
- Success getting the info. Result:<xml>
<name>python</name>
<version>2.7</version>
<executable>/usr/bin/python</executable>
<lib>/usr/lib/python2.7</lib>
<lib>/usr/lib/python2.7/plat-x86_64-linux-gnu</lib>
<lib>/usr/lib/python2.7/lib-tk</lib>
<lib>/usr/lib/python2.7/lib-dynload</lib>
<lib>/home/qwerty/.local/lib/python2.7/site-packages</lib>
<lib>/usr/local/lib/python2.7/dist-packages</lib>
<lib>/usr/lib/python2.7/dist-packages</lib>
<lib>/usr/lib/python2.7/dist-packages/PILcompat</lib>
<lib>/usr/lib/python2.7/dist-packages/gtk-2.0</lib>
<lib>/usr/lib/python2.7/dist-packages/ubuntu-sso-client</lib>
<forced_lib>Image</forced_lib>
<forced_lib>OpenGL</forced_lib>
<forced_lib>__builtin__</forced_lib>
<forced_lib>__main__</forced_lib>
<forced_lib>_ast</forced_lib>
<forced_lib>_bisect</forced_lib>
<forced_lib>_bytesio</forced_lib>
<forced_lib>_codecs</forced_lib>
<forced_lib>_codecs_cn</forced_lib>
<forced_lib>_codecs_hk</forced_lib>
<forced_lib>_codecs_iso2022</forced_lib>
<forced_lib>_codecs_jp</forced_lib>
<forced_lib>_codecs_kr</forced_lib>
<forced_lib>_codecs_tw</forced_lib>
<forced_lib>_collections</forced_lib>
<forced_lib>_csv</forced_lib>
<forced_lib>_fileio</forced_lib>
<forced_lib>_functools</forced_lib>
<forced_lib>_heapq</forced_lib>
<forced_lib>_hotshot</forced_lib>
<forced_lib>_io</forced_lib>
<forced_lib>_json</forced_lib>
<forced_lib>_locale</forced_lib>
<forced_lib>_lsprof</forced_lib>
<forced_lib>_md5</forced_lib>
<forced_lib>_multibytecodec</forced_lib>
<forced_lib>_random</forced_lib>
<forced_lib>_sha</forced_lib>
<forced_lib>_sha256</forced_lib>
<forced_lib>_sha512</forced_lib>
<forced_lib>_socket</forced_lib>
<forced_lib>_sre</forced_lib>
<forced_lib>_struct</forced_lib>
<forced_lib>_subprocess</forced_lib>
<forced_lib>_symtable</forced_lib>
<forced_lib>_warnings</forced_lib>
<forced_lib>_weakref</forced_lib>
<forced_lib>_winreg</forced_lib>
<forced_lib>array</forced_lib>
<forced_lib>audioop</forced_lib>
<forced_lib>binascii</forced_lib>
<forced_lib>cPickle</forced_lib>
<forced_lib>cStringIO</forced_lib>
<forced_lib>cmath</forced_lib>
<forced_lib>datetime</forced_lib>
<forced_lib>email</forced_lib>
<forced_lib>errno</forced_lib>
<forced_lib>exceptions</forced_lib>
<forced_lib>fcntl</forced_lib>
<forced_lib>future_builtins</forced_lib>
<forced_lib>gc</forced_lib>
<forced_lib>gi</forced_lib>
<forced_lib>grp</forced_lib>
<forced_lib>hashlib</forced_lib>
<forced_lib>imageop</forced_lib>
<forced_lib>imp</forced_lib>
<forced_lib>itertools</forced_lib>
<forced_lib>marshal</forced_lib>
<forced_lib>math</forced_lib>
<forced_lib>mmap</forced_lib>
<forced_lib>msvcrt</forced_lib>
<forced_lib>nose</forced_lib>
<forced_lib>nose.tools</forced_lib>
<forced_lib>nt</forced_lib>
<forced_lib>numpy</forced_lib>
<forced_lib>operator</forced_lib>
<forced_lib>os</forced_lib>
<forced_lib>os.path</forced_lib>
<forced_lib>parser</forced_lib>
<forced_lib>posix</forced_lib>
<forced_lib>pwd</forced_lib>
<forced_lib>pytest</forced_lib>
<forced_lib>scipy</forced_lib>
<forced_lib>select</forced_lib>
<forced_lib>signal</forced_lib>
<forced_lib>socket</forced_lib>
<forced_lib>spwd</forced_lib>
<forced_lib>strop</forced_lib>
<forced_lib>sys</forced_lib>
<forced_lib>syslog</forced_lib>
<forced_lib>thread</forced_lib>
<forced_lib>time</forced_lib>
<forced_lib>unicodedata</forced_lib>
<forced_lib>wx</forced_lib>
<forced_lib>wxPython</forced_lib>
<forced_lib>xxsubtype</forced_lib>
<forced_lib>zipimport</forced_lib>
<forced_lib>zlib</forced_lib>
</xml>

	at org.python.pydev.core.log.Log.logInfo(Log.java:66)
	at org.python.pydev.ui.pythonpathconf.AutoConfigMaker.autoConfigSingleApply(AutoConfigMaker.java:177)
	at org.python.pydev.ui.PyProjectPythonDetails$ProjectInterpreterAndGrammarConfig$2.widgetSelected(PyProjectPythonDetails.java:269)
	at org.eclipse.swt.widgets.TypedListener.handleEvent(TypedListener.java:248)
	at org.eclipse.swt.widgets.EventTable.sendEvent(EventTable.java:84)
	at org.eclipse.swt.widgets.Widget.sendEvent(Widget.java:1276)
	at org.eclipse.swt.widgets.Widget.sendEvent(Widget.java:1300)
	at org.eclipse.swt.widgets.Widget.sendSelectionEvent(Widget.java:1414)
	at org.eclipse.swt.widgets.Link.gtk_button_release_event(Link.java:339)
	at org.eclipse.swt.widgets.Widget.windowProc(Widget.java:1762)
	at org.eclipse.swt.widgets.Control.windowProc(Control.java:5116)
	at org.eclipse.swt.widgets.Display.windowProc(Display.java:4377)
	at org.eclipse.swt.internal.gtk.OS._gtk_main_do_event(Native Method)
	at org.eclipse.swt.internal.gtk.OS.gtk_main_do_event(OS.java:8317)
	at org.eclipse.swt.widgets.Display.eventProc(Display.java:1193)
	at org.eclipse.swt.internal.gtk.OS._g_main_context_iteration(Native Method)
	at org.eclipse.swt.internal.gtk.OS.g_main_context_iteration(OS.java:2342)
	at org.eclipse.swt.widgets.Display.readAndDispatch(Display.java:3184)
	at org.eclipse.jface.window.Window.runEventLoop(Window.java:825)
	at org.eclipse.jface.window.Window.open(Window.java:801)
	at org.eclipse.ui.internal.handlers.WizardHandler$New.executeHandler(WizardHandler.java:259)
	at org.eclipse.ui.internal.handlers.WizardHandler.execute(WizardHandler.java:279)
	at org.eclipse.ui.internal.handlers.HandlerProxy.execute(HandlerProxy.java:290)
	at org.eclipse.core.commands.Command.executeWithChecks(Command.java:499)
	at org.eclipse.core.commands.ParameterizedCommand.executeWithChecks(ParameterizedCommand.java:508)
	at org.eclipse.ui.internal.handlers.HandlerService.executeCommand(HandlerService.java:169)
	at org.eclipse.ui.internal.handlers.SlaveHandlerService.executeCommand(SlaveHandlerService.java:241)
	at org.eclipse.ui.internal.actions.CommandAction.runWithEvent(CommandAction.java:157)
	at org.eclipse.ui.internal.actions.CommandAction.run(CommandAction.java:171)
	at org.eclipse.ui.actions.NewWizardDropDownAction.run(NewWizardDropDownAction.java:182)
	at org.eclipse.jface.action.Action.runWithEvent(Action.java:498)
	at org.eclipse.jface.action.ActionContributionItem.handleWidgetSelection(ActionContributionItem.java:584)
	at org.eclipse.jface.action.ActionContributionItem.access$2(ActionContributionItem.java:501)
	at org.eclipse.jface.action.ActionContributionItem$6.handleEvent(ActionContributionItem.java:452)
	at org.eclipse.swt.widgets.EventTable.sendEvent(EventTable.java:84)
	at org.eclipse.swt.widgets.Widget.sendEvent(Widget.java:1276)
	at org.eclipse.swt.widgets.Display.runDeferredEvents(Display.java:3562)
	at org.eclipse.swt.widgets.Display.readAndDispatch(Display.java:3186)
	at org.eclipse.ui.internal.Workbench.runEventLoop(Workbench.java:2701)
	at org.eclipse.ui.internal.Workbench.runUI(Workbench.java:2665)
	at org.eclipse.ui.internal.Workbench.access$4(Workbench.java:2499)
	at org.eclipse.ui.internal.Workbench$7.run(Workbench.java:679)
	at org.eclipse.core.databinding.observable.Realm.runWithDefault(Realm.java:332)
	at org.eclipse.ui.internal.Workbench.createAndRunWorkbench(Workbench.java:668)
	at org.eclipse.ui.PlatformUI.createAndRunWorkbench(PlatformUI.java:149)
	at org.eclipse.ui.internal.ide.application.IDEApplication.start(IDEApplication.java:124)
	at org.eclipse.equinox.internal.app.EclipseAppHandle.run(EclipseAppHandle.java:196)
	at org.eclipse.core.runtime.internal.adaptor.EclipseAppLauncher.runApplication(EclipseAppLauncher.java:110)
	at org.eclipse.core.runtime.internal.adaptor.EclipseAppLauncher.start(EclipseAppLauncher.java:79)
	at org.eclipse.core.runtime.adaptor.EclipseStarter.run(EclipseStarter.java:353)
	at org.eclipse.core.runtime.adaptor.EclipseStarter.run(EclipseStarter.java:180)
	at sun.reflect.NativeMethodAccessorImpl.invoke0(Native Method)
	at sun.reflect.NativeMethodAccessorImpl.invoke(NativeMethodAccessorImpl.java:62)
	at sun.reflect.DelegatingMethodAccessorImpl.invoke(DelegatingMethodAccessorImpl.java:43)
	at java.lang.reflect.Method.invoke(Method.java:497)
	at org.eclipse.equinox.launcher.Main.invokeFramework(Main.java:629)
	at org.eclipse.equinox.launcher.Main.basicRun(Main.java:584)
	at org.eclipse.equinox.launcher.Main.run(Main.java:1438)
	at org.eclipse.equinox.launcher.Main.main(Main.java:1414)

!ENTRY org.python.pydev.shared_core 1 1 2016-03-14 15:02:45.968
!MESSAGE Restoring info for: /usr/bin/python
!STACK 0
java.lang.RuntimeException: Restoring info for: /usr/bin/python
	at org.python.pydev.ui.interpreters.AbstractInterpreterManager.getInterpretersFromPersistedString(AbstractInterpreterManager.java:517)
	at org.python.pydev.ui.interpreters.AbstractInterpreterManager.internalRecreateCacheGetInterpreterInfos(AbstractInterpreterManager.java:337)
	at org.python.pydev.ui.interpreters.AbstractInterpreterManager.setInfos(AbstractInterpreterManager.java:641)
	at org.python.pydev.ui.pythonpathconf.AutoConfigMaker$1.run(AutoConfigMaker.java:137)
	at org.eclipse.core.internal.jobs.Worker.run(Worker.java:54)
Caused by: java.io.IOException: Expecting: /home/qwerty/Desktop/mycodes/PythonWorkspace/.metadata/.plugins/org.python.pydev/v1_bm109oo8jsa5gnqmc06ekl12p/modulesKeys to exist (and be a file).
	at org.python.pydev.editor.codecompletion.revisited.ModulesManager.loadFromFile(ModulesManager.java:289)
	at org.python.pydev.editor.codecompletion.revisited.SystemModulesManager.load(SystemModulesManager.java:371)
	at org.python.pydev.ui.interpreters.AbstractInterpreterManager.getInterpretersFromPersistedString(AbstractInterpreterManager.java:515)
	... 4 more

!ENTRY org.python.pydev.shared_core 1 1 2016-03-14 15:02:48.558
!MESSAGE Finished restoring information for: /usr/bin/python at: /home/qwerty/Desktop/mycodes/PythonWorkspace/.metadata/.plugins/org.python.pydev/v1_bm109oo8jsa5gnqmc06ekl12p
!STACK 0
java.lang.RuntimeException: Finished restoring information for: /usr/bin/python at: /home/qwerty/Desktop/mycodes/PythonWorkspace/.metadata/.plugins/org.python.pydev/v1_bm109oo8jsa5gnqmc06ekl12p
	at org.python.pydev.core.log.Log.logInfo(Log.java:66)
	at org.python.pydev.ui.interpreters.AbstractInterpreterManager.getInterpretersFromPersistedString(AbstractInterpreterManager.java:562)
	at org.python.pydev.ui.interpreters.AbstractInterpreterManager.internalRecreateCacheGetInterpreterInfos(AbstractInterpreterManager.java:337)
	at org.python.pydev.ui.interpreters.AbstractInterpreterManager.setInfos(AbstractInterpreterManager.java:641)
	at org.python.pydev.ui.pythonpathconf.AutoConfigMaker$1.run(AutoConfigMaker.java:137)
	at org.eclipse.core.internal.jobs.Worker.run(Worker.java:54)

!ENTRY org.python.pydev.shared_core 4 4 2016-03-14 15:02:48.917
!MESSAGE Info: Rebuilding internal caches: /home/qwerty/Desktop/mycodes/PythonWorkspace/.metadata/.plugins/com.python.pydev.analysis/python_v1_bm109oo8jsa5gnqmc06ekl12p/python.pydevsysteminfo (Expected error to be provided and got no error!)

!ENTRY org.python.pydev.shared_core 4 4 2016-03-14 15:02:50.591
!MESSAGE Did not expect to find item below node: Assign[targets=[Name[id=cell, ctx=Store, reserved=false]], value=null] (module: test_tokenutil.py).
!STACK 0
java.lang.RuntimeException: Did not expect to find item below node: Assign[targets=[Name[id=cell, ctx=Store, reserved=false]], value=null] (module: test_tokenutil.py).
	at org.python.pydev.core.log.Log.log(Log.java:54)
	at org.python.pydev.parser.fastparser.FastDefinitionsParser.endScopesInStack(FastDefinitionsParser.java:589)
	at org.python.pydev.parser.fastparser.FastDefinitionsParser.handleNewLine(FastDefinitionsParser.java:380)
	at org.python.pydev.parser.fastparser.FastDefinitionsParser.extractBody(FastDefinitionsParser.java:249)
	at org.python.pydev.parser.fastparser.FastDefinitionsParser.parse(FastDefinitionsParser.java:676)
	at com.python.pydev.analysis.additionalinfo.AbstractAdditionalTokensInfo.addAstInfo(AbstractAdditionalTokensInfo.java:310)
	at com.python.pydev.analysis.additionalinfo.AbstractAdditionalInfoWithBuild.restoreInfoForModuleManager(AbstractAdditionalInfoWithBuild.java:258)
	at com.python.pydev.analysis.additionalinfo.AdditionalSystemInterpreterInfo.recreateAllInfo(AdditionalSystemInterpreterInfo.java:179)
	at com.python.pydev.analysis.additionalinfo.AdditionalSystemInterpreterInfo.getAdditionalSystemInfo(AdditionalSystemInterpreterInfo.java:155)
	at com.python.pydev.analysis.additionalinfo.AdditionalSystemInterpreterInfo.getAdditionalSystemInfo(AdditionalSystemInterpreterInfo.java:124)
	at com.python.pydev.analysis.additionalinfo.AdditionalSystemInterpreterInfo.recreateAllInfo(AdditionalSystemInterpreterInfo.java:171)
	at com.python.pydev.analysis.additionalinfo.builders.InterpreterObserver.notifyDefaultPythonpathRestored(InterpreterObserver.java:35)
	at org.python.pydev.ui.interpreters.AbstractInterpreterManager.restorePythopathForInterpreters(AbstractInterpreterManager.java:726)
	at org.python.pydev.ui.interpreters.AbstractInterpreterManager.setInfos(AbstractInterpreterManager.java:643)
	at org.python.pydev.ui.pythonpathconf.AutoConfigMaker$1.run(AutoConfigMaker.java:137)
	at org.eclipse.core.internal.jobs.Worker.run(Worker.java:54)

!ENTRY org.python.pydev.shared_core 4 4 2016-03-14 15:02:50.905
!MESSAGE Did not expect to find item below node: Assign[targets=[Attribute[value=Name[id=self, ctx=Load, reserved=false], attr=NameTok[id=class_, ctx=Attrib], ctx=Load]], value=null] (module: declarations.py).
!STACK 0
java.lang.RuntimeException: Did not expect to find item below node: Assign[targets=[Attribute[value=Name[id=self, ctx=Load, reserved=false], attr=NameTok[id=class_, ctx=Attrib], ctx=Load]], value=null] (module: declarations.py).
	at org.python.pydev.core.log.Log.log(Log.java:54)
	at org.python.pydev.parser.fastparser.FastDefinitionsParser.endScopesInStack(FastDefinitionsParser.java:589)
	at org.python.pydev.parser.fastparser.FastDefinitionsParser.handleNewLine(FastDefinitionsParser.java:380)
	at org.python.pydev.parser.fastparser.FastDefinitionsParser.extractBody(FastDefinitionsParser.java:249)
	at org.python.pydev.parser.fastparser.FastDefinitionsParser.parse(FastDefinitionsParser.java:676)
	at com.python.pydev.analysis.additionalinfo.AbstractAdditionalTokensInfo.addAstInfo(AbstractAdditionalTokensInfo.java:310)
	at com.python.pydev.analysis.additionalinfo.AbstractAdditionalInfoWithBuild.restoreInfoForModuleManager(AbstractAdditionalInfoWithBuild.java:258)
	at com.python.pydev.analysis.additionalinfo.AdditionalSystemInterpreterInfo.recreateAllInfo(AdditionalSystemInterpreterInfo.java:179)
	at com.python.pydev.analysis.additionalinfo.AdditionalSystemInterpreterInfo.getAdditionalSystemInfo(AdditionalSystemInterpreterInfo.java:155)
	at com.python.pydev.analysis.additionalinfo.AdditionalSystemInterpreterInfo.getAdditionalSystemInfo(AdditionalSystemInterpreterInfo.java:124)
	at com.python.pydev.analysis.additionalinfo.AdditionalSystemInterpreterInfo.recreateAllInfo(AdditionalSystemInterpreterInfo.java:171)
	at com.python.pydev.analysis.additionalinfo.builders.InterpreterObserver.notifyDefaultPythonpathRestored(InterpreterObserver.java:35)
	at org.python.pydev.ui.interpreters.AbstractInterpreterManager.restorePythopathForInterpreters(AbstractInterpreterManager.java:726)
	at org.python.pydev.ui.interpreters.AbstractInterpreterManager.setInfos(AbstractInterpreterManager.java:643)
	at org.python.pydev.ui.pythonpathconf.AutoConfigMaker$1.run(AutoConfigMaker.java:137)
	at org.eclipse.core.internal.jobs.Worker.run(Worker.java:54)

!ENTRY org.python.pydev.shared_core 4 4 2016-03-14 15:02:50.909
!MESSAGE Did not expect to find item below node: Assign[targets=[Attribute[value=Name[id=self, ctx=Load, reserved=false], attr=NameTok[id=which, ctx=Attrib], ctx=Load]], value=null] (module: policies.py).
!STACK 0
java.lang.RuntimeException: Did not expect to find item below node: Assign[targets=[Attribute[value=Name[id=self, ctx=Load, reserved=false], attr=NameTok[id=which, ctx=Attrib], ctx=Load]], value=null] (module: policies.py).
	at org.python.pydev.core.log.Log.log(Log.java:54)
	at org.python.pydev.parser.fastparser.FastDefinitionsParser.endScopesInStack(FastDefinitionsParser.java:589)
	at org.python.pydev.parser.fastparser.FastDefinitionsParser.handleNewLine(FastDefinitionsParser.java:380)
	at org.python.pydev.parser.fastparser.FastDefinitionsParser.extractBody(FastDefinitionsParser.java:249)
	at org.python.pydev.parser.fastparser.FastDefinitionsParser.parse(FastDefinitionsParser.java:676)
	at com.python.pydev.analysis.additionalinfo.AbstractAdditionalTokensInfo.addAstInfo(AbstractAdditionalTokensInfo.java:310)
	at com.python.pydev.analysis.additionalinfo.AbstractAdditionalInfoWithBuild.restoreInfoForModuleManager(AbstractAdditionalInfoWithBuild.java:258)
	at com.python.pydev.analysis.additionalinfo.AdditionalSystemInterpreterInfo.recreateAllInfo(AdditionalSystemInterpreterInfo.java:179)
	at com.python.pydev.analysis.additionalinfo.AdditionalSystemInterpreterInfo.getAdditionalSystemInfo(AdditionalSystemInterpreterInfo.java:155)
	at com.python.pydev.analysis.additionalinfo.AdditionalSystemInterpreterInfo.getAdditionalSystemInfo(AdditionalSystemInterpreterInfo.java:124)
	at com.python.pydev.analysis.additionalinfo.AdditionalSystemInterpreterInfo.recreateAllInfo(AdditionalSystemInterpreterInfo.java:171)
	at com.python.pydev.analysis.additionalinfo.builders.InterpreterObserver.notifyDefaultPythonpathRestored(InterpreterObserver.java:35)
	at org.python.pydev.ui.interpreters.AbstractInterpreterManager.restorePythopathForInterpreters(AbstractInterpreterManager.java:726)
	at org.python.pydev.ui.interpreters.AbstractInterpreterManager.setInfos(AbstractInterpreterManager.java:643)
	at org.python.pydev.ui.pythonpathconf.AutoConfigMaker$1.run(AutoConfigMaker.java:137)
	at org.eclipse.core.internal.jobs.Worker.run(Worker.java:54)

!ENTRY org.python.pydev.shared_core 4 4 2016-03-14 15:02:55.146
!MESSAGE Info: Rebuilding internal caches: /home/qwerty/Desktop/mycodes/PythonWorkspace/.metadata/.plugins/org.eclipse.core.resources/.projects/MachineLearning/com.python.pydev.analysis/AdditionalProjectInterpreterInfo.pydevinfo (Expected error to be provided and got no error!)

!ENTRY org.eclipse.wst.common.project.facet.core 4 0 2016-03-14 15:02:55.257
!MESSAGE Project facet wst.web has not been defined. It is used in plugin org.eclipse.jst.common.project.facet.core.

!ENTRY org.eclipse.wst.common.project.facet.core 4 0 2016-03-14 15:02:55.262
!MESSAGE Project facet jpt.jpa has not been defined. It is used in plugin org.eclipse.libra.facet.

!ENTRY org.python.pydev.shared_core 4 4 2016-03-14 15:02:58.737
!MESSAGE Did not expect to find item below node: Assign[targets=[Name[id=opener, ctx=Store, reserved=false]], value=null] (module: test_urllib2.py).
!STACK 0
java.lang.RuntimeException: Did not expect to find item below node: Assign[targets=[Name[id=opener, ctx=Store, reserved=false]], value=null] (module: test_urllib2.py).
	at org.python.pydev.core.log.Log.log(Log.java:54)
	at org.python.pydev.parser.fastparser.FastDefinitionsParser.endScopesInStack(FastDefinitionsParser.java:589)
	at org.python.pydev.parser.fastparser.FastDefinitionsParser.handleNewLine(FastDefinitionsParser.java:380)
	at org.python.pydev.parser.fastparser.FastDefinitionsParser.extractBody(FastDefinitionsParser.java:249)
	at org.python.pydev.parser.fastparser.FastDefinitionsParser.parse(FastDefinitionsParser.java:676)
	at com.python.pydev.analysis.additionalinfo.AbstractAdditionalTokensInfo.addAstInfo(AbstractAdditionalTokensInfo.java:310)
	at com.python.pydev.analysis.additionalinfo.AbstractAdditionalInfoWithBuild.restoreInfoForModuleManager(AbstractAdditionalInfoWithBuild.java:258)
	at com.python.pydev.analysis.additionalinfo.AdditionalSystemInterpreterInfo.recreateAllInfo(AdditionalSystemInterpreterInfo.java:179)
	at com.python.pydev.analysis.additionalinfo.AdditionalSystemInterpreterInfo.getAdditionalSystemInfo(AdditionalSystemInterpreterInfo.java:155)
	at com.python.pydev.analysis.additionalinfo.AdditionalSystemInterpreterInfo.getAdditionalSystemInfo(AdditionalSystemInterpreterInfo.java:124)
	at com.python.pydev.analysis.additionalinfo.AdditionalSystemInterpreterInfo.recreateAllInfo(AdditionalSystemInterpreterInfo.java:171)
	at com.python.pydev.analysis.additionalinfo.builders.InterpreterObserver.notifyDefaultPythonpathRestored(InterpreterObserver.java:35)
	at org.python.pydev.ui.interpreters.AbstractInterpreterManager.restorePythopathForInterpreters(AbstractInterpreterManager.java:726)
	at org.python.pydev.ui.interpreters.AbstractInterpreterManager.setInfos(AbstractInterpreterManager.java:643)
	at org.python.pydev.ui.pythonpathconf.AutoConfigMaker$1.run(AutoConfigMaker.java:137)
	at org.eclipse.core.internal.jobs.Worker.run(Worker.java:54)

!ENTRY org.python.pydev.shared_core 4 4 2016-03-14 15:03:00.934
!MESSAGE Did not expect to find item below node: Assign[targets=[Name[id=oid, ctx=Store, reserved=false]], value=null] (module: encoder.py).
!STACK 0
java.lang.RuntimeException: Did not expect to find item below node: Assign[targets=[Name[id=oid, ctx=Store, reserved=false]], value=null] (module: encoder.py).
	at org.python.pydev.core.log.Log.log(Log.java:54)
	at org.python.pydev.parser.fastparser.FastDefinitionsParser.endScopesInStack(FastDefinitionsParser.java:589)
	at org.python.pydev.parser.fastparser.FastDefinitionsParser.handleNewLine(FastDefinitionsParser.java:380)
	at org.python.pydev.parser.fastparser.FastDefinitionsParser.extractBody(FastDefinitionsParser.java:249)
	at org.python.pydev.parser.fastparser.FastDefinitionsParser.parse(FastDefinitionsParser.java:676)
	at com.python.pydev.analysis.additionalinfo.AbstractAdditionalTokensInfo.addAstInfo(AbstractAdditionalTokensInfo.java:310)
	at com.python.pydev.analysis.additionalinfo.AbstractAdditionalInfoWithBuild.restoreInfoForModuleManager(AbstractAdditionalInfoWithBuild.java:258)
	at com.python.pydev.analysis.additionalinfo.AdditionalSystemInterpreterInfo.recreateAllInfo(AdditionalSystemInterpreterInfo.java:179)
	at com.python.pydev.analysis.additionalinfo.AdditionalSystemInterpreterInfo.getAdditionalSystemInfo(AdditionalSystemInterpreterInfo.java:155)
	at com.python.pydev.analysis.additionalinfo.AdditionalSystemInterpreterInfo.getAdditionalSystemInfo(AdditionalSystemInterpreterInfo.java:124)
	at com.python.pydev.analysis.additionalinfo.AdditionalSystemInterpreterInfo.recreateAllInfo(AdditionalSystemInterpreterInfo.java:171)
	at com.python.pydev.analysis.additionalinfo.builders.InterpreterObserver.notifyDefaultPythonpathRestored(InterpreterObserver.java:35)
	at org.python.pydev.ui.interpreters.AbstractInterpreterManager.restorePythopathForInterpreters(AbstractInterpreterManager.java:726)
	at org.python.pydev.ui.interpreters.AbstractInterpreterManager.setInfos(AbstractInterpreterManager.java:643)
	at org.python.pydev.ui.pythonpathconf.AutoConfigMaker$1.run(AutoConfigMaker.java:137)
	at org.eclipse.core.internal.jobs.Worker.run(Worker.java:54)

!ENTRY org.python.pydev.shared_core 4 4 2016-03-14 15:03:00.951
!MESSAGE Did not expect to find item below node: Assign[targets=[Name[id=defaultValue, ctx=Store, reserved=false]], value=null] (module: base.py).
!STACK 0
java.lang.RuntimeException: Did not expect to find item below node: Assign[targets=[Name[id=defaultValue, ctx=Store, reserved=false]], value=null] (module: base.py).
	at org.python.pydev.core.log.Log.log(Log.java:54)
	at org.python.pydev.parser.fastparser.FastDefinitionsParser.endScopesInStack(FastDefinitionsParser.java:589)
	at org.python.pydev.parser.fastparser.FastDefinitionsParser.handleNewLine(FastDefinitionsParser.java:380)
	at org.python.pydev.parser.fastparser.FastDefinitionsParser.extractBody(FastDefinitionsParser.java:249)
	at org.python.pydev.parser.fastparser.FastDefinitionsParser.parse(FastDefinitionsParser.java:676)
	at com.python.pydev.analysis.additionalinfo.AbstractAdditionalTokensInfo.addAstInfo(AbstractAdditionalTokensInfo.java:310)
	at com.python.pydev.analysis.additionalinfo.AbstractAdditionalInfoWithBuild.restoreInfoForModuleManager(AbstractAdditionalInfoWithBuild.java:258)
	at com.python.pydev.analysis.additionalinfo.AdditionalSystemInterpreterInfo.recreateAllInfo(AdditionalSystemInterpreterInfo.java:179)
	at com.python.pydev.analysis.additionalinfo.AdditionalSystemInterpreterInfo.getAdditionalSystemInfo(AdditionalSystemInterpreterInfo.java:155)
	at com.python.pydev.analysis.additionalinfo.AdditionalSystemInterpreterInfo.getAdditionalSystemInfo(AdditionalSystemInterpreterInfo.java:124)
	at com.python.pydev.analysis.additionalinfo.AdditionalSystemInterpreterInfo.recreateAllInfo(AdditionalSystemInterpreterInfo.java:171)
	at com.python.pydev.analysis.additionalinfo.builders.InterpreterObserver.notifyDefaultPythonpathRestored(InterpreterObserver.java:35)
	at org.python.pydev.ui.interpreters.AbstractInterpreterManager.restorePythopathForInterpreters(AbstractInterpreterManager.java:726)
	at org.python.pydev.ui.interpreters.AbstractInterpreterManager.setInfos(AbstractInterpreterManager.java:643)
	at org.python.pydev.ui.pythonpathconf.AutoConfigMaker$1.run(AutoConfigMaker.java:137)
	at org.eclipse.core.internal.jobs.Worker.run(Worker.java:54)

!ENTRY org.python.pydev.shared_core 4 4 2016-03-14 15:03:00.963
!MESSAGE Did not expect to find item below node: Assign[targets=[Name[id=r, ctx=Store, reserved=false]], value=null] (module: univ.py).
!STACK 0
java.lang.RuntimeException: Did not expect to find item below node: Assign[targets=[Name[id=r, ctx=Store, reserved=false]], value=null] (module: univ.py).
	at org.python.pydev.core.log.Log.log(Log.java:54)
	at org.python.pydev.parser.fastparser.FastDefinitionsParser.endScopesInStack(FastDefinitionsParser.java:589)
	at org.python.pydev.parser.fastparser.FastDefinitionsParser.handleNewLine(FastDefinitionsParser.java:380)
	at org.python.pydev.parser.fastparser.FastDefinitionsParser.extractBody(FastDefinitionsParser.java:249)
	at org.python.pydev.parser.fastparser.FastDefinitionsParser.parse(FastDefinitionsParser.java:676)
	at com.python.pydev.analysis.additionalinfo.AbstractAdditionalTokensInfo.addAstInfo(AbstractAdditionalTokensInfo.java:310)
	at com.python.pydev.analysis.additionalinfo.AbstractAdditionalInfoWithBuild.restoreInfoForModuleManager(AbstractAdditionalInfoWithBuild.java:258)
	at com.python.pydev.analysis.additionalinfo.AdditionalSystemInterpreterInfo.recreateAllInfo(AdditionalSystemInterpreterInfo.java:179)
	at com.python.pydev.analysis.additionalinfo.AdditionalSystemInterpreterInfo.getAdditionalSystemInfo(AdditionalSystemInterpreterInfo.java:155)
	at com.python.pydev.analysis.additionalinfo.AdditionalSystemInterpreterInfo.getAdditionalSystemInfo(AdditionalSystemInterpreterInfo.java:124)
	at com.python.pydev.analysis.additionalinfo.AdditionalSystemInterpreterInfo.recreateAllInfo(AdditionalSystemInterpreterInfo.java:171)
	at com.python.pydev.analysis.additionalinfo.builders.InterpreterObserver.notifyDefaultPythonpathRestored(InterpreterObserver.java:35)
	at org.python.pydev.ui.interpreters.AbstractInterpreterManager.restorePythopathForInterpreters(AbstractInterpreterManager.java:726)
	at org.python.pydev.ui.interpreters.AbstractInterpreterManager.setInfos(AbstractInterpreterManager.java:643)
	at org.python.pydev.ui.pythonpathconf.AutoConfigMaker$1.run(AutoConfigMaker.java:137)
	at org.eclipse.core.internal.jobs.Worker.run(Worker.java:54)

!ENTRY org.python.pydev.shared_core 4 4 2016-03-14 15:03:11.150
!MESSAGE Did not expect to find item below node: Assign[targets=[Attribute[value=Name[id=self, ctx=Load, reserved=false], attr=NameTok[id=clientRegistered, ctx=Attrib], ctx=Load]], value=null] (module: test_basesupport.py).
!STACK 0
java.lang.RuntimeException: Did not expect to find item below node: Assign[targets=[Attribute[value=Name[id=self, ctx=Load, reserved=false], attr=NameTok[id=clientRegistered, ctx=Attrib], ctx=Load]], value=null] (module: test_basesupport.py).
	at org.python.pydev.core.log.Log.log(Log.java:54)
	at org.python.pydev.parser.fastparser.FastDefinitionsParser.endScopesInStack(FastDefinitionsParser.java:589)
	at org.python.pydev.parser.fastparser.FastDefinitionsParser.extractBody(FastDefinitionsParser.java:330)
	at org.python.pydev.parser.fastparser.FastDefinitionsParser.parse(FastDefinitionsParser.java:676)
	at com.python.pydev.analysis.additionalinfo.AbstractAdditionalTokensInfo.addAstInfo(AbstractAdditionalTokensInfo.java:310)
	at com.python.pydev.analysis.additionalinfo.AbstractAdditionalInfoWithBuild.restoreInfoForModuleManager(AbstractAdditionalInfoWithBuild.java:258)
	at com.python.pydev.analysis.additionalinfo.AdditionalSystemInterpreterInfo.recreateAllInfo(AdditionalSystemInterpreterInfo.java:179)
	at com.python.pydev.analysis.additionalinfo.AdditionalSystemInterpreterInfo.getAdditionalSystemInfo(AdditionalSystemInterpreterInfo.java:155)
	at com.python.pydev.analysis.additionalinfo.AdditionalSystemInterpreterInfo.getAdditionalSystemInfo(AdditionalSystemInterpreterInfo.java:124)
	at com.python.pydev.analysis.additionalinfo.AdditionalSystemInterpreterInfo.recreateAllInfo(AdditionalSystemInterpreterInfo.java:171)
	at com.python.pydev.analysis.additionalinfo.builders.InterpreterObserver.notifyDefaultPythonpathRestored(InterpreterObserver.java:35)
	at org.python.pydev.ui.interpreters.AbstractInterpreterManager.restorePythopathForInterpreters(AbstractInterpreterManager.java:726)
	at org.python.pydev.ui.interpreters.AbstractInterpreterManager.setInfos(AbstractInterpreterManager.java:643)
	at org.python.pydev.ui.pythonpathconf.AutoConfigMaker$1.run(AutoConfigMaker.java:137)
	at org.eclipse.core.internal.jobs.Worker.run(Worker.java:54)

!ENTRY org.python.pydev.shared_core 4 4 2016-03-14 15:03:13.006
!MESSAGE Did not expect to find item below node: Assign[targets=[Name[id=cell, ctx=Store, reserved=false]], value=null] (module: test_tokenutil.py).
!STACK 0
java.lang.RuntimeException: Did not expect to find item below node: Assign[targets=[Name[id=cell, ctx=Store, reserved=false]], value=null] (module: test_tokenutil.py).
	at org.python.pydev.core.log.Log.log(Log.java:54)
	at org.python.pydev.parser.fastparser.FastDefinitionsParser.endScopesInStack(FastDefinitionsParser.java:589)
	at org.python.pydev.parser.fastparser.FastDefinitionsParser.handleNewLine(FastDefinitionsParser.java:380)
	at org.python.pydev.parser.fastparser.FastDefinitionsParser.extractBody(FastDefinitionsParser.java:249)
	at org.python.pydev.parser.fastparser.FastDefinitionsParser.parse(FastDefinitionsParser.java:676)
	at com.python.pydev.analysis.additionalinfo.AbstractAdditionalTokensInfo.addAstInfo(AbstractAdditionalTokensInfo.java:310)
	at com.python.pydev.analysis.additionalinfo.AbstractAdditionalInfoWithBuild.restoreInfoForModuleManager(AbstractAdditionalInfoWithBuild.java:258)
	at com.python.pydev.analysis.additionalinfo.AdditionalSystemInterpreterInfo.recreateAllInfo(AdditionalSystemInterpreterInfo.java:179)
	at com.python.pydev.analysis.additionalinfo.builders.InterpreterObserver.notifyDefaultPythonpathRestored(InterpreterObserver.java:35)
	at org.python.pydev.ui.interpreters.AbstractInterpreterManager.restorePythopathForInterpreters(AbstractInterpreterManager.java:726)
	at org.python.pydev.ui.interpreters.AbstractInterpreterManager.setInfos(AbstractInterpreterManager.java:643)
	at org.python.pydev.ui.pythonpathconf.AutoConfigMaker$1.run(AutoConfigMaker.java:137)
	at org.eclipse.core.internal.jobs.Worker.run(Worker.java:54)

!ENTRY org.python.pydev.shared_core 4 4 2016-03-14 15:03:13.067
!MESSAGE Did not expect to find item below node: Assign[targets=[Attribute[value=Name[id=self, ctx=Load, reserved=false], attr=NameTok[id=class_, ctx=Attrib], ctx=Load]], value=null] (module: declarations.py).
!STACK 0
java.lang.RuntimeException: Did not expect to find item below node: Assign[targets=[Attribute[value=Name[id=self, ctx=Load, reserved=false], attr=NameTok[id=class_, ctx=Attrib], ctx=Load]], value=null] (module: declarations.py).
	at org.python.pydev.core.log.Log.log(Log.java:54)
	at org.python.pydev.parser.fastparser.FastDefinitionsParser.endScopesInStack(FastDefinitionsParser.java:589)
	at org.python.pydev.parser.fastparser.FastDefinitionsParser.handleNewLine(FastDefinitionsParser.java:380)
	at org.python.pydev.parser.fastparser.FastDefinitionsParser.extractBody(FastDefinitionsParser.java:249)
	at org.python.pydev.parser.fastparser.FastDefinitionsParser.parse(FastDefinitionsParser.java:676)
	at com.python.pydev.analysis.additionalinfo.AbstractAdditionalTokensInfo.addAstInfo(AbstractAdditionalTokensInfo.java:310)
	at com.python.pydev.analysis.additionalinfo.AbstractAdditionalInfoWithBuild.restoreInfoForModuleManager(AbstractAdditionalInfoWithBuild.java:258)
	at com.python.pydev.analysis.additionalinfo.AdditionalSystemInterpreterInfo.recreateAllInfo(AdditionalSystemInterpreterInfo.java:179)
	at com.python.pydev.analysis.additionalinfo.builders.InterpreterObserver.notifyDefaultPythonpathRestored(InterpreterObserver.java:35)
	at org.python.pydev.ui.interpreters.AbstractInterpreterManager.restorePythopathForInterpreters(AbstractInterpreterManager.java:726)
	at org.python.pydev.ui.interpreters.AbstractInterpreterManager.setInfos(AbstractInterpreterManager.java:643)
	at org.python.pydev.ui.pythonpathconf.AutoConfigMaker$1.run(AutoConfigMaker.java:137)
	at org.eclipse.core.internal.jobs.Worker.run(Worker.java:54)

!ENTRY org.python.pydev.shared_core 4 4 2016-03-14 15:03:13.069
!MESSAGE Did not expect to find item below node: Assign[targets=[Attribute[value=Name[id=self, ctx=Load, reserved=false], attr=NameTok[id=which, ctx=Attrib], ctx=Load]], value=null] (module: policies.py).
!STACK 0
java.lang.RuntimeException: Did not expect to find item below node: Assign[targets=[Attribute[value=Name[id=self, ctx=Load, reserved=false], attr=NameTok[id=which, ctx=Attrib], ctx=Load]], value=null] (module: policies.py).
	at org.python.pydev.core.log.Log.log(Log.java:54)
	at org.python.pydev.parser.fastparser.FastDefinitionsParser.endScopesInStack(FastDefinitionsParser.java:589)
	at org.python.pydev.parser.fastparser.FastDefinitionsParser.handleNewLine(FastDefinitionsParser.java:380)
	at org.python.pydev.parser.fastparser.FastDefinitionsParser.extractBody(FastDefinitionsParser.java:249)
	at org.python.pydev.parser.fastparser.FastDefinitionsParser.parse(FastDefinitionsParser.java:676)
	at com.python.pydev.analysis.additionalinfo.AbstractAdditionalTokensInfo.addAstInfo(AbstractAdditionalTokensInfo.java:310)
	at com.python.pydev.analysis.additionalinfo.AbstractAdditionalInfoWithBuild.restoreInfoForModuleManager(AbstractAdditionalInfoWithBuild.java:258)
	at com.python.pydev.analysis.additionalinfo.AdditionalSystemInterpreterInfo.recreateAllInfo(AdditionalSystemInterpreterInfo.java:179)
	at com.python.pydev.analysis.additionalinfo.builders.InterpreterObserver.notifyDefaultPythonpathRestored(InterpreterObserver.java:35)
	at org.python.pydev.ui.interpreters.AbstractInterpreterManager.restorePythopathForInterpreters(AbstractInterpreterManager.java:726)
	at org.python.pydev.ui.interpreters.AbstractInterpreterManager.setInfos(AbstractInterpreterManager.java:643)
	at org.python.pydev.ui.pythonpathconf.AutoConfigMaker$1.run(AutoConfigMaker.java:137)
	at org.eclipse.core.internal.jobs.Worker.run(Worker.java:54)

!ENTRY org.eclipse.jface 2 0 2016-03-14 15:07:44.632
!MESSAGE Keybinding conflicts occurred.  They may interfere with normal accelerator operation.
!SUBENTRY 1 org.eclipse.jface 2 0 2016-03-14 15:07:44.633
!MESSAGE A conflict occurred for CTRL+SHIFT+T:
Binding(CTRL+SHIFT+T,
	ParameterizedCommand(Command(org.eclipse.jdt.ui.navigate.open.type,Open Type,
		Open a type in a Java editor,
		Category(org.eclipse.ui.category.navigate,Navigate,null,true),
		,
		,,true),null),
	org.eclipse.ui.defaultAcceleratorConfiguration,
	org.eclipse.ui.contexts.window,,,system)
Binding(CTRL+SHIFT+T,
	ParameterizedCommand(Command(com.python.pydev.analysis.actions.pyGlobalsBrowserWorkbench,Python Show Global Tokens (Global),
		Python Show Global Tokens (Global),
		Category(org.python.pydev.ui.category.source,PyDev - Editor,PyDev editor category,true),
		ActionDelegateHandlerProxy(null,com.python.pydev.analysis.actions.PyGlobalsBrowserWorkbench),
		,,true),null),
	org.eclipse.ui.defaultAcceleratorConfiguration,
	com.python.pydev.contexts.window,,,system)
Binding(CTRL+SHIFT+T,
	ParameterizedCommand(Command(org.python.pydev.editor.actions.pyShowBrowser,Python Show Global Tokens (Editor),
		Python Show Global Tokens (Editor),
		Category(org.python.pydev.ui.category.source,PyDev - Editor,PyDev editor category,true),
		ActionDelegateHandlerProxy(null,org.python.pydev.editor.actions.PyShowBrowser),
		,,true),null),
	org.eclipse.ui.defaultAcceleratorConfiguration,
	org.python.pydev.ui.editor.scope,,,system)

!ENTRY org.python.pydev.shared_core 1 1 2016-03-14 15:20:46.683
!MESSAGE It seems it's already disposed...
!STACK 0
java.lang.RuntimeException: It seems it's already disposed...
	at org.python.pydev.shared_core.log.Log.logInfo(Log.java:52)
	at org.python.pydev.shared_ui.outline.BaseModel.setRoot(BaseModel.java:183)
	at org.python.pydev.shared_ui.outline.BaseModel$1$1.run(BaseModel.java:66)
	at org.eclipse.swt.widgets.RunnableLock.run(RunnableLock.java:35)
	at org.eclipse.swt.widgets.Synchronizer.runAsyncMessages(Synchronizer.java:135)
	at org.eclipse.swt.widgets.Display.runAsyncMessages(Display.java:3537)
	at org.eclipse.swt.widgets.Display.readAndDispatch(Display.java:3189)
	at org.eclipse.jface.operation.ModalContext$ModalContextThread.block(ModalContext.java:173)
	at org.eclipse.jface.operation.ModalContext.run(ModalContext.java:388)
	at org.eclipse.jface.dialogs.ProgressMonitorDialog.run(ProgressMonitorDialog.java:507)
	at org.eclipse.ui.internal.progress.ProgressMonitorJobsDialog.run(ProgressMonitorJobsDialog.java:275)
	at org.eclipse.ui.internal.ide.application.IDEWorkbenchAdvisor.disconnectFromWorkspace(IDEWorkbenchAdvisor.java:515)
	at org.eclipse.ui.internal.ide.application.IDEWorkbenchAdvisor.postShutdown(IDEWorkbenchAdvisor.java:348)
	at org.eclipse.ui.internal.Workbench.shutdown(Workbench.java:3028)
	at org.eclipse.ui.internal.Workbench.busyClose(Workbench.java:1123)
	at org.eclipse.ui.internal.Workbench.access$15(Workbench.java:1040)
	at org.eclipse.ui.internal.Workbench$25.run(Workbench.java:1284)
	at org.eclipse.swt.custom.BusyIndicator.showWhile(BusyIndicator.java:70)
	at org.eclipse.ui.internal.Workbench.close(Workbench.java:1282)
	at org.eclipse.ui.internal.Workbench.close(Workbench.java:1254)
	at org.eclipse.ui.internal.WorkbenchWindow.busyClose(WorkbenchWindow.java:727)
	at org.eclipse.ui.internal.WorkbenchWindow.access$0(WorkbenchWindow.java:715)
	at org.eclipse.ui.internal.WorkbenchWindow$6.run(WorkbenchWindow.java:867)
	at org.eclipse.swt.custom.BusyIndicator.showWhile(BusyIndicator.java:70)
	at org.eclipse.ui.internal.WorkbenchWindow.close(WorkbenchWindow.java:865)
	at org.eclipse.jface.window.Window.handleShellCloseEvent(Window.java:741)
	at org.eclipse.jface.window.Window$3.shellClosed(Window.java:687)
	at org.eclipse.swt.widgets.TypedListener.handleEvent(TypedListener.java:98)
	at org.eclipse.swt.widgets.EventTable.sendEvent(EventTable.java:84)
	at org.eclipse.swt.widgets.Widget.sendEvent(Widget.java:1276)
	at org.eclipse.swt.widgets.Widget.sendEvent(Widget.java:1300)
	at org.eclipse.swt.widgets.Widget.sendEvent(Widget.java:1285)
	at org.eclipse.swt.widgets.Shell.closeWidget(Shell.java:617)
	at org.eclipse.swt.widgets.Shell.gtk_delete_event(Shell.java:1191)
	at org.eclipse.swt.widgets.Widget.windowProc(Widget.java:1765)
	at org.eclipse.swt.widgets.Control.windowProc(Control.java:5116)
	at org.eclipse.swt.widgets.Display.windowProc(Display.java:4377)
	at org.eclipse.swt.internal.gtk.OS._gtk_main_do_event(Native Method)
	at org.eclipse.swt.internal.gtk.OS.gtk_main_do_event(OS.java:8317)
	at org.eclipse.swt.widgets.Display.eventProc(Display.java:1193)
	at org.eclipse.swt.internal.gtk.OS._g_main_context_iteration(Native Method)
	at org.eclipse.swt.internal.gtk.OS.g_main_context_iteration(OS.java:2342)
	at org.eclipse.swt.widgets.Display.readAndDispatch(Display.java:3184)
	at org.eclipse.ui.internal.Workbench.runEventLoop(Workbench.java:2701)
	at org.eclipse.ui.internal.Workbench.runUI(Workbench.java:2665)
	at org.eclipse.ui.internal.Workbench.access$4(Workbench.java:2499)
	at org.eclipse.ui.internal.Workbench$7.run(Workbench.java:679)
	at org.eclipse.core.databinding.observable.Realm.runWithDefault(Realm.java:332)
	at org.eclipse.ui.internal.Workbench.createAndRunWorkbench(Workbench.java:668)
	at org.eclipse.ui.PlatformUI.createAndRunWorkbench(PlatformUI.java:149)
	at org.eclipse.ui.internal.ide.application.IDEApplication.start(IDEApplication.java:124)
	at org.eclipse.equinox.internal.app.EclipseAppHandle.run(EclipseAppHandle.java:196)
	at org.eclipse.core.runtime.internal.adaptor.EclipseAppLauncher.runApplication(EclipseAppLauncher.java:110)
	at org.eclipse.core.runtime.internal.adaptor.EclipseAppLauncher.start(EclipseAppLauncher.java:79)
	at org.eclipse.core.runtime.adaptor.EclipseStarter.run(EclipseStarter.java:353)
	at org.eclipse.core.runtime.adaptor.EclipseStarter.run(EclipseStarter.java:180)
	at sun.reflect.NativeMethodAccessorImpl.invoke0(Native Method)
	at sun.reflect.NativeMethodAccessorImpl.invoke(NativeMethodAccessorImpl.java:62)
	at sun.reflect.DelegatingMethodAccessorImpl.invoke(DelegatingMethodAccessorImpl.java:43)
	at java.lang.reflect.Method.invoke(Method.java:497)
	at org.eclipse.equinox.launcher.Main.invokeFramework(Main.java:629)
	at org.eclipse.equinox.launcher.Main.basicRun(Main.java:584)
	at org.eclipse.equinox.launcher.Main.run(Main.java:1438)
	at org.eclipse.equinox.launcher.Main.main(Main.java:1414)
!SESSION 2016-03-14 16:03:46.067 -----------------------------------------------
eclipse.buildId=debbuild
java.version=1.8.0_66-internal
java.vendor=Oracle Corporation
BootLoader constants: OS=linux, ARCH=x86_64, WS=gtk, NL=en_IN
Command-line arguments:  -os linux -ws gtk -arch x86_64

!ENTRY org.eclipse.jface 2 0 2016-03-14 16:04:15.582
!MESSAGE Keybinding conflicts occurred.  They may interfere with normal accelerator operation.
!SUBENTRY 1 org.eclipse.jface 2 0 2016-03-14 16:04:15.583
!MESSAGE A conflict occurred for ALT+SHIFT+D R:
Binding(ALT+SHIFT+D R,
	ParameterizedCommand(Command(org.eclipse.rap.ui.launch.RAPLaunchShortcut.debug,Debug RAP Application,
		Debug RAP Application,
		Category(org.eclipse.debug.ui.category.run,Run/Debug,Run/Debug command category,true),
		org.eclipse.debug.internal.ui.launchConfigurations.LaunchShortcutExtension$LaunchCommandHandler@4f363abd,
		,,true),null),
	org.eclipse.ui.defaultAcceleratorConfiguration,
	org.eclipse.ui.contexts.window,,,system)
Binding(ALT+SHIFT+D R,
	ParameterizedCommand(Command(org.eclipse.wst.server.launchShortcut.debug,Debug on Server,
		Debug the current selection on a server,
		Category(org.eclipse.debug.ui.category.run,Run/Debug,Run/Debug command category,true),
		org.eclipse.debug.internal.ui.launchConfigurations.LaunchShortcutExtension$LaunchCommandHandler@7302ff13,
		,,true),null),
	org.eclipse.ui.defaultAcceleratorConfiguration,
	org.eclipse.ui.contexts.window,,,system)
!SUBENTRY 1 org.eclipse.jface 2 0 2016-03-14 16:04:15.583
!MESSAGE A conflict occurred for ALT+SHIFT+X R:
Binding(ALT+SHIFT+X R,
	ParameterizedCommand(Command(org.eclipse.rap.ui.launch.RAPLaunchShortcut.run,Run RAP Application,
		Run RAP Application,
		Category(org.eclipse.debug.ui.category.run,Run/Debug,Run/Debug command category,true),
		org.eclipse.debug.internal.ui.launchConfigurations.LaunchShortcutExtension$LaunchCommandHandler@4017fe2c,
		,,true),null),
	org.eclipse.ui.defaultAcceleratorConfiguration,
	org.eclipse.ui.contexts.window,,,system)
Binding(ALT+SHIFT+X R,
	ParameterizedCommand(Command(org.eclipse.wst.server.launchShortcut.run,Run on Server,
		Run the current selection on a server,
		Category(org.eclipse.debug.ui.category.run,Run/Debug,Run/Debug command category,true),
		org.eclipse.debug.internal.ui.launchConfigurations.LaunchShortcutExtension$LaunchCommandHandler@1961d75a,
		,,true),null),
	org.eclipse.ui.defaultAcceleratorConfiguration,
	org.eclipse.ui.contexts.window,,,system)

!ENTRY org.eclipse.jface 2 0 2016-03-14 16:05:04.571
!MESSAGE Keybinding conflicts occurred.  They may interfere with normal accelerator operation.
!SUBENTRY 1 org.eclipse.jface 2 0 2016-03-14 16:05:04.571
!MESSAGE A conflict occurred for CTRL+SHIFT+T:
Binding(CTRL+SHIFT+T,
	ParameterizedCommand(Command(org.eclipse.jdt.ui.navigate.open.type,Open Type,
		Open a type in a Java editor,
		Category(org.eclipse.ui.category.navigate,Navigate,null,true),
		,
		,,true),null),
	org.eclipse.ui.defaultAcceleratorConfiguration,
	org.eclipse.ui.contexts.window,,,system)
Binding(CTRL+SHIFT+T,
	ParameterizedCommand(Command(com.python.pydev.analysis.actions.pyGlobalsBrowserWorkbench,Python Show Global Tokens (Global),
		Python Show Global Tokens (Global),
		Category(org.python.pydev.ui.category.source,PyDev - Editor,PyDev editor category,true),
		ActionDelegateHandlerProxy(null,com.python.pydev.analysis.actions.PyGlobalsBrowserWorkbench),
		,,true),null),
	org.eclipse.ui.defaultAcceleratorConfiguration,
	com.python.pydev.contexts.window,,,system)
Binding(CTRL+SHIFT+T,
	ParameterizedCommand(Command(org.python.pydev.editor.actions.pyShowBrowser,Python Show Global Tokens (Editor),
		Python Show Global Tokens (Editor),
		Category(org.python.pydev.ui.category.source,PyDev - Editor,PyDev editor category,true),
		ActionDelegateHandlerProxy(null,org.python.pydev.editor.actions.PyShowBrowser),
		,,true),null),
	org.eclipse.ui.defaultAcceleratorConfiguration,
	org.python.pydev.ui.editor.scope,,,system)

!ENTRY org.eclipse.wst.common.project.facet.core 4 0 2016-03-14 16:12:18.886
!MESSAGE Project facet wst.web has not been defined. It is used in plugin org.eclipse.jst.common.project.facet.core.

!ENTRY org.eclipse.wst.common.project.facet.core 4 0 2016-03-14 16:12:18.894
!MESSAGE Project facet jpt.jpa has not been defined. It is used in plugin org.eclipse.libra.facet.

!ENTRY org.python.pydev.shared_core 4 4 2016-03-14 16:42:51.468
!MESSAGE 0
!STACK 0
java.lang.ArrayIndexOutOfBoundsException: 0
	at org.python.pydev.parser.visitors.NodeUtils.getEltsFromCompoundObject(NodeUtils.java:1719)
	at org.python.pydev.editor.codecompletion.revisited.AbstractASTManager.getCompletionsFromAssignDefinition(AbstractASTManager.java:1175)
	at org.python.pydev.editor.codecompletion.revisited.AbstractASTManager.getCompletionsUnpackingObject(AbstractASTManager.java:1124)
	at org.python.pydev.editor.codecompletion.revisited.AssignAnalysis.getNonFunctionDefCompletionsFromAssign(AssignAnalysis.java:340)
	at org.python.pydev.editor.codecompletion.revisited.AssignAnalysis.getAssignCompletions(AssignAnalysis.java:113)
	at org.python.pydev.editor.codecompletion.revisited.AbstractASTManager.getAssignCompletions(AbstractASTManager.java:1444)
	at org.python.pydev.editor.codecompletion.revisited.AbstractASTManager.internalGenerateGetCompletionsForModule(AbstractASTManager.java:797)
	at org.python.pydev.editor.codecompletion.revisited.AbstractASTManager.getCompletionsForModule(AbstractASTManager.java:559)
	at org.python.pydev.editor.codecompletion.revisited.AbstractASTManager.getCompletionsForModule(AbstractASTManager.java:528)
	at org.python.pydev.editor.codecompletion.revisited.AbstractASTManager.getCompletionsForModule(AbstractASTManager.java:520)
	at org.python.pydev.editor.codecompletion.revisited.AbstractASTManager.getCompletionsForModule(AbstractASTManager.java:511)
	at org.python.pydev.editor.codecompletion.revisited.AssignAnalysis.addFunctionDefCompletionsFromReturn(AssignAnalysis.java:198)
	at org.python.pydev.editor.codecompletion.revisited.AssignAnalysis.getAssignCompletions(AssignAnalysis.java:110)
	at org.python.pydev.editor.codecompletion.revisited.AbstractASTManager.getAssignCompletions(AbstractASTManager.java:1444)
	at org.python.pydev.editor.codecompletion.revisited.AbstractASTManager.internalGenerateGetCompletionsForModule(AbstractASTManager.java:797)
	at org.python.pydev.editor.codecompletion.revisited.AbstractASTManager.getCompletionsForModule(AbstractASTManager.java:559)
	at org.python.pydev.editor.codecompletion.revisited.AbstractASTManager.getCompletionsForModule(AbstractASTManager.java:528)
	at org.python.pydev.editor.codecompletion.revisited.AbstractASTManager.getCompletionsForModule(AbstractASTManager.java:520)
	at org.python.pydev.editor.codecompletion.revisited.modules.SourceModule.findGlobalTokDef(SourceModule.java:1021)
	at org.python.pydev.editor.codecompletion.revisited.modules.SourceModule.findDefinitionsFromModAndTok(SourceModule.java:970)
	at org.python.pydev.editor.codecompletion.revisited.modules.SourceModule.findDefinition(SourceModule.java:952)
	at org.python.pydev.editor.codecompletion.revisited.modules.SourceModule.findDefinition(SourceModule.java:665)
	at org.python.pydev.editor.codecompletion.revisited.modules.SourceModule.getGlobalTokens(SourceModule.java:439)
	at org.python.pydev.editor.codecompletion.revisited.AbstractASTManager.internalGenerateGetCompletionsForModule(AbstractASTManager.java:734)
	at org.python.pydev.editor.codecompletion.revisited.AbstractASTManager.getCompletionsForModule(AbstractASTManager.java:559)
	at org.python.pydev.editor.codecompletion.revisited.AbstractASTManager.getCompletionsForModule(AbstractASTManager.java:528)
	at org.python.pydev.editor.codecompletion.revisited.AbstractASTManager.getCompletionsForModule(AbstractASTManager.java:520)
	at org.python.pydev.editor.codecompletion.revisited.AbstractASTManager.getCompletionsForModule(AbstractASTManager.java:511)
	at org.python.pydev.editor.codecompletion.revisited.AssignAnalysis.addFunctionDefCompletionsFromReturn(AssignAnalysis.java:198)
	at org.python.pydev.editor.codecompletion.revisited.AssignAnalysis.getAssignCompletions(AssignAnalysis.java:110)
	at org.python.pydev.editor.codecompletion.revisited.AbstractASTManager.getAssignCompletions(AbstractASTManager.java:1444)
	at org.python.pydev.editor.codecompletion.revisited.AbstractASTManager.internalGenerateGetCompletionsForModule(AbstractASTManager.java:797)
	at org.python.pydev.editor.codecompletion.revisited.AbstractASTManager.getCompletionsForModule(AbstractASTManager.java:559)
	at org.python.pydev.editor.codecompletion.revisited.AbstractASTManager.getCompletionsForModule(AbstractASTManager.java:528)
	at org.python.pydev.editor.codecompletion.revisited.AbstractASTManager.getCompletionsForModule(AbstractASTManager.java:520)
	at org.python.pydev.editor.codecompletion.revisited.modules.SourceModule.findGlobalTokDef(SourceModule.java:1021)
	at org.python.pydev.editor.codecompletion.revisited.modules.SourceModule.findDefinitionsFromModAndTok(SourceModule.java:970)
	at org.python.pydev.editor.codecompletion.revisited.modules.SourceModule.findDefinition(SourceModule.java:952)
	at org.python.pydev.editor.codecompletion.revisited.modules.SourceModule.findDefinition(SourceModule.java:665)
	at org.python.pydev.editor.codecompletion.revisited.modules.SourceModule.findDefinition(SourceModule.java:1)
	at org.python.pydev.editor.refactoring.PyRefactoringFindDefinition.findActualDefinition(PyRefactoringFindDefinition.java:182)
	at org.python.pydev.editor.refactoring.PyRefactoringFindDefinition.findActualDefinition(PyRefactoringFindDefinition.java:81)
	at com.python.pydev.refactoring.refactorer.RefactorerFindDefinition.findDefinition(RefactorerFindDefinition.java:63)
	at com.python.pydev.refactoring.refactorer.Refactorer.findDefinition(Refactorer.java:116)
	at com.python.pydev.refactoring.wizards.rename.PyReferenceSearcher.prepareSearch(PyReferenceSearcher.java:110)
	at com.python.pydev.refactoring.markoccurrences.MarkOccurrencesJob.createRequest(MarkOccurrencesJob.java:147)
	at org.python.pydev.shared_ui.mark_occurrences.BaseMarkOccurrencesJob.run(BaseMarkOccurrencesJob.java:168)
	at org.eclipse.core.internal.jobs.Worker.run(Worker.java:54)

!ENTRY org.python.pydev.shared_core 4 4 2016-03-14 16:42:51.470
!MESSAGE Error when getting definition for:_cache
!STACK 0
java.lang.RuntimeException: Error when getting definition for:_cache
	at org.python.pydev.editor.codecompletion.revisited.AbstractASTManager.getCompletionsUnpackingObject(AbstractASTManager.java:1134)
	at org.python.pydev.editor.codecompletion.revisited.AssignAnalysis.getNonFunctionDefCompletionsFromAssign(AssignAnalysis.java:340)
	at org.python.pydev.editor.codecompletion.revisited.AssignAnalysis.getAssignCompletions(AssignAnalysis.java:113)
	at org.python.pydev.editor.codecompletion.revisited.AbstractASTManager.getAssignCompletions(AbstractASTManager.java:1444)
	at org.python.pydev.editor.codecompletion.revisited.AbstractASTManager.internalGenerateGetCompletionsForModule(AbstractASTManager.java:797)
	at org.python.pydev.editor.codecompletion.revisited.AbstractASTManager.getCompletionsForModule(AbstractASTManager.java:559)
	at org.python.pydev.editor.codecompletion.revisited.AbstractASTManager.getCompletionsForModule(AbstractASTManager.java:528)
	at org.python.pydev.editor.codecompletion.revisited.AbstractASTManager.getCompletionsForModule(AbstractASTManager.java:520)
	at org.python.pydev.editor.codecompletion.revisited.AbstractASTManager.getCompletionsForModule(AbstractASTManager.java:511)
	at org.python.pydev.editor.codecompletion.revisited.AssignAnalysis.addFunctionDefCompletionsFromReturn(AssignAnalysis.java:198)
	at org.python.pydev.editor.codecompletion.revisited.AssignAnalysis.getAssignCompletions(AssignAnalysis.java:110)
	at org.python.pydev.editor.codecompletion.revisited.AbstractASTManager.getAssignCompletions(AbstractASTManager.java:1444)
	at org.python.pydev.editor.codecompletion.revisited.AbstractASTManager.internalGenerateGetCompletionsForModule(AbstractASTManager.java:797)
	at org.python.pydev.editor.codecompletion.revisited.AbstractASTManager.getCompletionsForModule(AbstractASTManager.java:559)
	at org.python.pydev.editor.codecompletion.revisited.AbstractASTManager.getCompletionsForModule(AbstractASTManager.java:528)
	at org.python.pydev.editor.codecompletion.revisited.AbstractASTManager.getCompletionsForModule(AbstractASTManager.java:520)
	at org.python.pydev.editor.codecompletion.revisited.modules.SourceModule.findGlobalTokDef(SourceModule.java:1021)
	at org.python.pydev.editor.codecompletion.revisited.modules.SourceModule.findDefinitionsFromModAndTok(SourceModule.java:970)
	at org.python.pydev.editor.codecompletion.revisited.modules.SourceModule.findDefinition(SourceModule.java:952)
	at org.python.pydev.editor.codecompletion.revisited.modules.SourceModule.findDefinition(SourceModule.java:665)
	at org.python.pydev.editor.codecompletion.revisited.modules.SourceModule.getGlobalTokens(SourceModule.java:439)
	at org.python.pydev.editor.codecompletion.revisited.AbstractASTManager.internalGenerateGetCompletionsForModule(AbstractASTManager.java:734)
	at org.python.pydev.editor.codecompletion.revisited.AbstractASTManager.getCompletionsForModule(AbstractASTManager.java:559)
	at org.python.pydev.editor.codecompletion.revisited.AbstractASTManager.getCompletionsForModule(AbstractASTManager.java:528)
	at org.python.pydev.editor.codecompletion.revisited.AbstractASTManager.getCompletionsForModule(AbstractASTManager.java:520)
	at org.python.pydev.editor.codecompletion.revisited.AbstractASTManager.getCompletionsForModule(AbstractASTManager.java:511)
	at org.python.pydev.editor.codecompletion.revisited.AssignAnalysis.addFunctionDefCompletionsFromReturn(AssignAnalysis.java:198)
	at org.python.pydev.editor.codecompletion.revisited.AssignAnalysis.getAssignCompletions(AssignAnalysis.java:110)
	at org.python.pydev.editor.codecompletion.revisited.AbstractASTManager.getAssignCompletions(AbstractASTManager.java:1444)
	at org.python.pydev.editor.codecompletion.revisited.AbstractASTManager.internalGenerateGetCompletionsForModule(AbstractASTManager.java:797)
	at org.python.pydev.editor.codecompletion.revisited.AbstractASTManager.getCompletionsForModule(AbstractASTManager.java:559)
	at org.python.pydev.editor.codecompletion.revisited.AbstractASTManager.getCompletionsForModule(AbstractASTManager.java:528)
	at org.python.pydev.editor.codecompletion.revisited.AbstractASTManager.getCompletionsForModule(AbstractASTManager.java:520)
	at org.python.pydev.editor.codecompletion.revisited.modules.SourceModule.findGlobalTokDef(SourceModule.java:1021)
	at org.python.pydev.editor.codecompletion.revisited.modules.SourceModule.findDefinitionsFromModAndTok(SourceModule.java:970)
	at org.python.pydev.editor.codecompletion.revisited.modules.SourceModule.findDefinition(SourceModule.java:952)
	at org.python.pydev.editor.codecompletion.revisited.modules.SourceModule.findDefinition(SourceModule.java:665)
	at org.python.pydev.editor.codecompletion.revisited.modules.SourceModule.findDefinition(SourceModule.java:1)
	at org.python.pydev.editor.refactoring.PyRefactoringFindDefinition.findActualDefinition(PyRefactoringFindDefinition.java:182)
	at org.python.pydev.editor.refactoring.PyRefactoringFindDefinition.findActualDefinition(PyRefactoringFindDefinition.java:81)
	at com.python.pydev.refactoring.refactorer.RefactorerFindDefinition.findDefinition(RefactorerFindDefinition.java:63)
	at com.python.pydev.refactoring.refactorer.Refactorer.findDefinition(Refactorer.java:116)
	at com.python.pydev.refactoring.wizards.rename.PyReferenceSearcher.prepareSearch(PyReferenceSearcher.java:110)
	at com.python.pydev.refactoring.markoccurrences.MarkOccurrencesJob.createRequest(MarkOccurrencesJob.java:147)
	at org.python.pydev.shared_ui.mark_occurrences.BaseMarkOccurrencesJob.run(BaseMarkOccurrencesJob.java:168)
	at org.eclipse.core.internal.jobs.Worker.run(Worker.java:54)
Caused by: java.lang.ArrayIndexOutOfBoundsException: 0
	at org.python.pydev.parser.visitors.NodeUtils.getEltsFromCompoundObject(NodeUtils.java:1719)
	at org.python.pydev.editor.codecompletion.revisited.AbstractASTManager.getCompletionsFromAssignDefinition(AbstractASTManager.java:1175)
	at org.python.pydev.editor.codecompletion.revisited.AbstractASTManager.getCompletionsUnpackingObject(AbstractASTManager.java:1124)
	... 45 more

!ENTRY org.python.pydev.shared_core 4 4 2016-03-14 16:42:51.471
!MESSAGE Error when getting assign completions for:re
!STACK 0
java.lang.RuntimeException: Error when getting assign completions for:re
	at org.python.pydev.editor.codecompletion.revisited.AssignAnalysis.getAssignCompletions(AssignAnalysis.java:138)
	at org.python.pydev.editor.codecompletion.revisited.AbstractASTManager.getAssignCompletions(AbstractASTManager.java:1444)
	at org.python.pydev.editor.codecompletion.revisited.AbstractASTManager.internalGenerateGetCompletionsForModule(AbstractASTManager.java:797)
	at org.python.pydev.editor.codecompletion.revisited.AbstractASTManager.getCompletionsForModule(AbstractASTManager.java:559)
	at org.python.pydev.editor.codecompletion.revisited.AbstractASTManager.getCompletionsForModule(AbstractASTManager.java:528)
	at org.python.pydev.editor.codecompletion.revisited.AbstractASTManager.getCompletionsForModule(AbstractASTManager.java:520)
	at org.python.pydev.editor.codecompletion.revisited.AbstractASTManager.getCompletionsForModule(AbstractASTManager.java:511)
	at org.python.pydev.editor.codecompletion.revisited.AssignAnalysis.addFunctionDefCompletionsFromReturn(AssignAnalysis.java:198)
	at org.python.pydev.editor.codecompletion.revisited.AssignAnalysis.getAssignCompletions(AssignAnalysis.java:110)
	at org.python.pydev.editor.codecompletion.revisited.AbstractASTManager.getAssignCompletions(AbstractASTManager.java:1444)
	at org.python.pydev.editor.codecompletion.revisited.AbstractASTManager.internalGenerateGetCompletionsForModule(AbstractASTManager.java:797)
	at org.python.pydev.editor.codecompletion.revisited.AbstractASTManager.getCompletionsForModule(AbstractASTManager.java:559)
	at org.python.pydev.editor.codecompletion.revisited.AbstractASTManager.getCompletionsForModule(AbstractASTManager.java:528)
	at org.python.pydev.editor.codecompletion.revisited.AbstractASTManager.getCompletionsForModule(AbstractASTManager.java:520)
	at org.python.pydev.editor.codecompletion.revisited.modules.SourceModule.findGlobalTokDef(SourceModule.java:1021)
	at org.python.pydev.editor.codecompletion.revisited.modules.SourceModule.findDefinitionsFromModAndTok(SourceModule.java:970)
	at org.python.pydev.editor.codecompletion.revisited.modules.SourceModule.findDefinition(SourceModule.java:952)
	at org.python.pydev.editor.codecompletion.revisited.modules.SourceModule.findDefinition(SourceModule.java:665)
	at org.python.pydev.editor.codecompletion.revisited.modules.SourceModule.getGlobalTokens(SourceModule.java:439)
	at org.python.pydev.editor.codecompletion.revisited.AbstractASTManager.internalGenerateGetCompletionsForModule(AbstractASTManager.java:734)
	at org.python.pydev.editor.codecompletion.revisited.AbstractASTManager.getCompletionsForModule(AbstractASTManager.java:559)
	at org.python.pydev.editor.codecompletion.revisited.AbstractASTManager.getCompletionsForModule(AbstractASTManager.java:528)
	at org.python.pydev.editor.codecompletion.revisited.AbstractASTManager.getCompletionsForModule(AbstractASTManager.java:520)
	at org.python.pydev.editor.codecompletion.revisited.AbstractASTManager.getCompletionsForModule(AbstractASTManager.java:511)
	at org.python.pydev.editor.codecompletion.revisited.AssignAnalysis.addFunctionDefCompletionsFromReturn(AssignAnalysis.java:198)
	at org.python.pydev.editor.codecompletion.revisited.AssignAnalysis.getAssignCompletions(AssignAnalysis.java:110)
	at org.python.pydev.editor.codecompletion.revisited.AbstractASTManager.getAssignCompletions(AbstractASTManager.java:1444)
	at org.python.pydev.editor.codecompletion.revisited.AbstractASTManager.internalGenerateGetCompletionsForModule(AbstractASTManager.java:797)
	at org.python.pydev.editor.codecompletion.revisited.AbstractASTManager.getCompletionsForModule(AbstractASTManager.java:559)
	at org.python.pydev.editor.codecompletion.revisited.AbstractASTManager.getCompletionsForModule(AbstractASTManager.java:528)
	at org.python.pydev.editor.codecompletion.revisited.AbstractASTManager.getCompletionsForModule(AbstractASTManager.java:520)
	at org.python.pydev.editor.codecompletion.revisited.modules.SourceModule.findGlobalTokDef(SourceModule.java:1021)
	at org.python.pydev.editor.codecompletion.revisited.modules.SourceModule.findDefinitionsFromModAndTok(SourceModule.java:970)
	at org.python.pydev.editor.codecompletion.revisited.modules.SourceModule.findDefinition(SourceModule.java:952)
	at org.python.pydev.editor.codecompletion.revisited.modules.SourceModule.findDefinition(SourceModule.java:665)
	at org.python.pydev.editor.codecompletion.revisited.modules.SourceModule.findDefinition(SourceModule.java:1)
	at org.python.pydev.editor.refactoring.PyRefactoringFindDefinition.findActualDefinition(PyRefactoringFindDefinition.java:182)
	at org.python.pydev.editor.refactoring.PyRefactoringFindDefinition.findActualDefinition(PyRefactoringFindDefinition.java:81)
	at com.python.pydev.refactoring.refactorer.RefactorerFindDefinition.findDefinition(RefactorerFindDefinition.java:63)
	at com.python.pydev.refactoring.refactorer.Refactorer.findDefinition(Refactorer.java:116)
	at com.python.pydev.refactoring.wizards.rename.PyReferenceSearcher.prepareSearch(PyReferenceSearcher.java:110)
	at com.python.pydev.refactoring.markoccurrences.MarkOccurrencesJob.createRequest(MarkOccurrencesJob.java:147)
	at org.python.pydev.shared_ui.mark_occurrences.BaseMarkOccurrencesJob.run(BaseMarkOccurrencesJob.java:168)
	at org.eclipse.core.internal.jobs.Worker.run(Worker.java:54)
Caused by: java.lang.RuntimeException: Error when getting definition for:_cache
	at org.python.pydev.editor.codecompletion.revisited.AbstractASTManager.getCompletionsUnpackingObject(AbstractASTManager.java:1134)
	at org.python.pydev.editor.codecompletion.revisited.AssignAnalysis.getNonFunctionDefCompletionsFromAssign(AssignAnalysis.java:340)
	at org.python.pydev.editor.codecompletion.revisited.AssignAnalysis.getAssignCompletions(AssignAnalysis.java:113)
	... 43 more
Caused by: java.lang.ArrayIndexOutOfBoundsException: 0
	at org.python.pydev.parser.visitors.NodeUtils.getEltsFromCompoundObject(NodeUtils.java:1719)
	at org.python.pydev.editor.codecompletion.revisited.AbstractASTManager.getCompletionsFromAssignDefinition(AbstractASTManager.java:1175)
	at org.python.pydev.editor.codecompletion.revisited.AbstractASTManager.getCompletionsUnpackingObject(AbstractASTManager.java:1124)
	... 45 more

!ENTRY org.python.pydev.shared_core 1 1 2016-03-14 19:41:39.985
!MESSAGE It seems it's already disposed...
!STACK 0
java.lang.RuntimeException: It seems it's already disposed...
	at org.python.pydev.shared_core.log.Log.logInfo(Log.java:52)
	at org.python.pydev.shared_ui.outline.BaseModel.setRoot(BaseModel.java:183)
	at org.python.pydev.shared_ui.outline.BaseModel$1$1.run(BaseModel.java:66)
	at org.eclipse.swt.widgets.RunnableLock.run(RunnableLock.java:35)
	at org.eclipse.swt.widgets.Synchronizer.runAsyncMessages(Synchronizer.java:135)
	at org.eclipse.swt.widgets.Display.runAsyncMessages(Display.java:3537)
	at org.eclipse.swt.widgets.Display.readAndDispatch(Display.java:3189)
	at org.eclipse.jface.operation.ModalContext$ModalContextThread.block(ModalContext.java:173)
	at org.eclipse.jface.operation.ModalContext.run(ModalContext.java:388)
	at org.eclipse.jface.dialogs.ProgressMonitorDialog.run(ProgressMonitorDialog.java:507)
	at org.eclipse.ui.internal.progress.ProgressMonitorJobsDialog.run(ProgressMonitorJobsDialog.java:275)
	at org.eclipse.ui.internal.ide.application.IDEWorkbenchAdvisor.disconnectFromWorkspace(IDEWorkbenchAdvisor.java:515)
	at org.eclipse.ui.internal.ide.application.IDEWorkbenchAdvisor.postShutdown(IDEWorkbenchAdvisor.java:348)
	at org.eclipse.ui.internal.Workbench.shutdown(Workbench.java:3028)
	at org.eclipse.ui.internal.Workbench.busyClose(Workbench.java:1123)
	at org.eclipse.ui.internal.Workbench.access$15(Workbench.java:1040)
	at org.eclipse.ui.internal.Workbench$25.run(Workbench.java:1284)
	at org.eclipse.swt.custom.BusyIndicator.showWhile(BusyIndicator.java:70)
	at org.eclipse.ui.internal.Workbench.close(Workbench.java:1282)
	at org.eclipse.ui.internal.Workbench.close(Workbench.java:1254)
	at org.eclipse.ui.internal.WorkbenchWindow.busyClose(WorkbenchWindow.java:727)
	at org.eclipse.ui.internal.WorkbenchWindow.access$0(WorkbenchWindow.java:715)
	at org.eclipse.ui.internal.WorkbenchWindow$6.run(WorkbenchWindow.java:867)
	at org.eclipse.swt.custom.BusyIndicator.showWhile(BusyIndicator.java:70)
	at org.eclipse.ui.internal.WorkbenchWindow.close(WorkbenchWindow.java:865)
	at org.eclipse.jface.window.Window.handleShellCloseEvent(Window.java:741)
	at org.eclipse.jface.window.Window$3.shellClosed(Window.java:687)
	at org.eclipse.swt.widgets.TypedListener.handleEvent(TypedListener.java:98)
	at org.eclipse.swt.widgets.EventTable.sendEvent(EventTable.java:84)
	at org.eclipse.swt.widgets.Widget.sendEvent(Widget.java:1276)
	at org.eclipse.swt.widgets.Widget.sendEvent(Widget.java:1300)
	at org.eclipse.swt.widgets.Widget.sendEvent(Widget.java:1285)
	at org.eclipse.swt.widgets.Shell.closeWidget(Shell.java:617)
	at org.eclipse.swt.widgets.Shell.gtk_delete_event(Shell.java:1191)
	at org.eclipse.swt.widgets.Widget.windowProc(Widget.java:1765)
	at org.eclipse.swt.widgets.Control.windowProc(Control.java:5116)
	at org.eclipse.swt.widgets.Display.windowProc(Display.java:4377)
	at org.eclipse.swt.internal.gtk.OS._gtk_main_do_event(Native Method)
	at org.eclipse.swt.internal.gtk.OS.gtk_main_do_event(OS.java:8317)
	at org.eclipse.swt.widgets.Display.eventProc(Display.java:1193)
	at org.eclipse.swt.internal.gtk.OS._g_main_context_iteration(Native Method)
	at org.eclipse.swt.internal.gtk.OS.g_main_context_iteration(OS.java:2342)
	at org.eclipse.swt.widgets.Display.readAndDispatch(Display.java:3184)
	at org.eclipse.ui.internal.Workbench.runEventLoop(Workbench.java:2701)
	at org.eclipse.ui.internal.Workbench.runUI(Workbench.java:2665)
	at org.eclipse.ui.internal.Workbench.access$4(Workbench.java:2499)
	at org.eclipse.ui.internal.Workbench$7.run(Workbench.java:679)
	at org.eclipse.core.databinding.observable.Realm.runWithDefault(Realm.java:332)
	at org.eclipse.ui.internal.Workbench.createAndRunWorkbench(Workbench.java:668)
	at org.eclipse.ui.PlatformUI.createAndRunWorkbench(PlatformUI.java:149)
	at org.eclipse.ui.internal.ide.application.IDEApplication.start(IDEApplication.java:124)
	at org.eclipse.equinox.internal.app.EclipseAppHandle.run(EclipseAppHandle.java:196)
	at org.eclipse.core.runtime.internal.adaptor.EclipseAppLauncher.runApplication(EclipseAppLauncher.java:110)
	at org.eclipse.core.runtime.internal.adaptor.EclipseAppLauncher.start(EclipseAppLauncher.java:79)
	at org.eclipse.core.runtime.adaptor.EclipseStarter.run(EclipseStarter.java:353)
	at org.eclipse.core.runtime.adaptor.EclipseStarter.run(EclipseStarter.java:180)
	at sun.reflect.NativeMethodAccessorImpl.invoke0(Native Method)
	at sun.reflect.NativeMethodAccessorImpl.invoke(NativeMethodAccessorImpl.java:62)
	at sun.reflect.DelegatingMethodAccessorImpl.invoke(DelegatingMethodAccessorImpl.java:43)
	at java.lang.reflect.Method.invoke(Method.java:497)
	at org.eclipse.equinox.launcher.Main.invokeFramework(Main.java:629)
	at org.eclipse.equinox.launcher.Main.basicRun(Main.java:584)
	at org.eclipse.equinox.launcher.Main.run(Main.java:1438)
	at org.eclipse.equinox.launcher.Main.main(Main.java:1414)
!SESSION 2016-03-15 01:04:49.574 -----------------------------------------------
eclipse.buildId=debbuild
java.version=1.8.0_66-internal
java.vendor=Oracle Corporation
BootLoader constants: OS=linux, ARCH=x86_64, WS=gtk, NL=en_IN
Command-line arguments:  -os linux -ws gtk -arch x86_64

!ENTRY org.eclipse.jface 2 0 2016-03-15 01:04:59.538
!MESSAGE Keybinding conflicts occurred.  They may interfere with normal accelerator operation.
!SUBENTRY 1 org.eclipse.jface 2 0 2016-03-15 01:04:59.538
!MESSAGE A conflict occurred for ALT+SHIFT+D R:
Binding(ALT+SHIFT+D R,
	ParameterizedCommand(Command(org.eclipse.rap.ui.launch.RAPLaunchShortcut.debug,Debug RAP Application,
		Debug RAP Application,
		Category(org.eclipse.debug.ui.category.run,Run/Debug,Run/Debug command category,true),
		org.eclipse.debug.internal.ui.launchConfigurations.LaunchShortcutExtension$LaunchCommandHandler@191c6e13,
		,,true),null),
	org.eclipse.ui.defaultAcceleratorConfiguration,
	org.eclipse.ui.contexts.window,,,system)
Binding(ALT+SHIFT+D R,
	ParameterizedCommand(Command(org.eclipse.wst.server.launchShortcut.debug,Debug on Server,
		Debug the current selection on a server,
		Category(org.eclipse.debug.ui.category.run,Run/Debug,Run/Debug command category,true),
		org.eclipse.debug.internal.ui.launchConfigurations.LaunchShortcutExtension$LaunchCommandHandler@7436364d,
		,,true),null),
	org.eclipse.ui.defaultAcceleratorConfiguration,
	org.eclipse.ui.contexts.window,,,system)
!SUBENTRY 1 org.eclipse.jface 2 0 2016-03-15 01:04:59.538
!MESSAGE A conflict occurred for ALT+SHIFT+X R:
Binding(ALT+SHIFT+X R,
	ParameterizedCommand(Command(org.eclipse.rap.ui.launch.RAPLaunchShortcut.run,Run RAP Application,
		Run RAP Application,
		Category(org.eclipse.debug.ui.category.run,Run/Debug,Run/Debug command category,true),
		org.eclipse.debug.internal.ui.launchConfigurations.LaunchShortcutExtension$LaunchCommandHandler@1a8e9ed9,
		,,true),null),
	org.eclipse.ui.defaultAcceleratorConfiguration,
	org.eclipse.ui.contexts.window,,,system)
Binding(ALT+SHIFT+X R,
	ParameterizedCommand(Command(org.eclipse.wst.server.launchShortcut.run,Run on Server,
		Run the current selection on a server,
		Category(org.eclipse.debug.ui.category.run,Run/Debug,Run/Debug command category,true),
		org.eclipse.debug.internal.ui.launchConfigurations.LaunchShortcutExtension$LaunchCommandHandler@68ea253b,
		,,true),null),
	org.eclipse.ui.defaultAcceleratorConfiguration,
	org.eclipse.ui.contexts.window,,,system)

!ENTRY org.eclipse.wst.common.project.facet.core 4 0 2016-03-15 01:05:01.474
!MESSAGE Project facet wst.web has not been defined. It is used in plugin org.eclipse.jst.common.project.facet.core.

!ENTRY org.eclipse.wst.common.project.facet.core 4 0 2016-03-15 01:05:01.487
!MESSAGE Project facet jpt.jpa has not been defined. It is used in plugin org.eclipse.libra.facet.
!SESSION 2016-03-15 18:53:21.209 -----------------------------------------------
eclipse.buildId=debbuild
java.version=1.8.0_66-internal
java.vendor=Oracle Corporation
BootLoader constants: OS=linux, ARCH=x86_64, WS=gtk, NL=en_IN
Command-line arguments:  -os linux -ws gtk -arch x86_64

!ENTRY org.eclipse.jface 2 0 2016-03-15 18:53:33.436
!MESSAGE Keybinding conflicts occurred.  They may interfere with normal accelerator operation.
!SUBENTRY 1 org.eclipse.jface 2 0 2016-03-15 18:53:33.436
!MESSAGE A conflict occurred for ALT+SHIFT+D R:
Binding(ALT+SHIFT+D R,
	ParameterizedCommand(Command(org.eclipse.rap.ui.launch.RAPLaunchShortcut.debug,Debug RAP Application,
		Debug RAP Application,
		Category(org.eclipse.debug.ui.category.run,Run/Debug,Run/Debug command category,true),
		,
		,,true),null),
	org.eclipse.ui.defaultAcceleratorConfiguration,
	org.eclipse.ui.contexts.window,,,system)
Binding(ALT+SHIFT+D R,
	ParameterizedCommand(Command(org.eclipse.wst.server.launchShortcut.debug,Debug on Server,
		Debug the current selection on a server,
		Category(org.eclipse.debug.ui.category.run,Run/Debug,Run/Debug command category,true),
		,
		,,true),null),
	org.eclipse.ui.defaultAcceleratorConfiguration,
	org.eclipse.ui.contexts.window,,,system)
!SUBENTRY 1 org.eclipse.jface 2 0 2016-03-15 18:53:33.436
!MESSAGE A conflict occurred for ALT+SHIFT+X R:
Binding(ALT+SHIFT+X R,
	ParameterizedCommand(Command(org.eclipse.rap.ui.launch.RAPLaunchShortcut.run,Run RAP Application,
		Run RAP Application,
		Category(org.eclipse.debug.ui.category.run,Run/Debug,Run/Debug command category,true),
		,
		,,true),null),
	org.eclipse.ui.defaultAcceleratorConfiguration,
	org.eclipse.ui.contexts.window,,,system)
Binding(ALT+SHIFT+X R,
	ParameterizedCommand(Command(org.eclipse.wst.server.launchShortcut.run,Run on Server,
		Run the current selection on a server,
		Category(org.eclipse.debug.ui.category.run,Run/Debug,Run/Debug command category,true),
		,
		,,true),null),
	org.eclipse.ui.defaultAcceleratorConfiguration,
	org.eclipse.ui.contexts.window,,,system)

!ENTRY org.eclipse.wst.common.project.facet.core 4 0 2016-03-15 18:53:35.947
!MESSAGE Project facet wst.web has not been defined. It is used in plugin org.eclipse.jst.common.project.facet.core.

!ENTRY org.eclipse.wst.common.project.facet.core 4 0 2016-03-15 18:53:35.950
!MESSAGE Project facet jpt.jpa has not been defined. It is used in plugin org.eclipse.libra.facet.

!ENTRY org.eclipse.jface 2 0 2016-03-15 18:53:40.060
!MESSAGE Keybinding conflicts occurred.  They may interfere with normal accelerator operation.
!SUBENTRY 1 org.eclipse.jface 2 0 2016-03-15 18:53:40.060
!MESSAGE A conflict occurred for CTRL+SHIFT+T:
Binding(CTRL+SHIFT+T,
	ParameterizedCommand(Command(org.eclipse.jdt.ui.navigate.open.type,Open Type,
		Open a type in a Java editor,
		Category(org.eclipse.ui.category.navigate,Navigate,null,true),
		,
		,,true),null),
	org.eclipse.ui.defaultAcceleratorConfiguration,
	org.eclipse.ui.contexts.window,,,system)
Binding(CTRL+SHIFT+T,
	ParameterizedCommand(Command(com.python.pydev.analysis.actions.pyGlobalsBrowserWorkbench,Python Show Global Tokens (Global),
		Python Show Global Tokens (Global),
		Category(org.python.pydev.ui.category.source,PyDev - Editor,PyDev editor category,true),
		ActionDelegateHandlerProxy(null,com.python.pydev.analysis.actions.PyGlobalsBrowserWorkbench),
		,,true),null),
	org.eclipse.ui.defaultAcceleratorConfiguration,
	com.python.pydev.contexts.window,,,system)
Binding(CTRL+SHIFT+T,
	ParameterizedCommand(Command(org.python.pydev.editor.actions.pyShowBrowser,Python Show Global Tokens (Editor),
		Python Show Global Tokens (Editor),
		Category(org.python.pydev.ui.category.source,PyDev - Editor,PyDev editor category,true),
		ActionDelegateHandlerProxy(null,org.python.pydev.editor.actions.PyShowBrowser),
		,,true),null),
	org.eclipse.ui.defaultAcceleratorConfiguration,
	org.python.pydev.ui.editor.scope,,,system)

!ENTRY org.python.pydev.shared_core 4 4 2016-03-15 19:07:33.649
!MESSAGE Did not expect to find item below node: Assign[targets=[Name[id=name, ctx=Store, reserved=false]], value=null] (module: housing_price_predictor).
!STACK 0
java.lang.RuntimeException: Did not expect to find item below node: Assign[targets=[Name[id=name, ctx=Store, reserved=false]], value=null] (module: housing_price_predictor).
	at org.python.pydev.core.log.Log.log(Log.java:54)
	at org.python.pydev.parser.fastparser.FastDefinitionsParser.endScopesInStack(FastDefinitionsParser.java:589)
	at org.python.pydev.parser.fastparser.FastDefinitionsParser.handleNewLine(FastDefinitionsParser.java:380)
	at org.python.pydev.parser.fastparser.FastDefinitionsParser.extractBody(FastDefinitionsParser.java:249)
	at org.python.pydev.parser.fastparser.FastDefinitionsParser.parse(FastDefinitionsParser.java:676)
	at org.python.pydev.parser.fastparser.FastDefinitionsParser.parse(FastDefinitionsParser.java:670)
	at org.python.pydev.parser.fastparser.FastDefinitionsParser.parse(FastDefinitionsParser.java:661)
	at com.python.pydev.analysis.builder.AnalysisBuilderVisitor$1.call(AnalysisBuilderVisitor.java:113)
	at com.python.pydev.analysis.builder.AnalysisBuilderVisitor$1.call(AnalysisBuilderVisitor.java:1)
	at com.python.pydev.analysis.builder.AnalysisBuilderRunnable.<init>(AnalysisBuilderRunnable.java:152)
	at com.python.pydev.analysis.builder.AnalysisBuilderRunnableFactory.createRunnable(AnalysisBuilderRunnableFactory.java:222)
	at com.python.pydev.analysis.builder.AnalysisBuilderVisitor.doVisitChangedResource(AnalysisBuilderVisitor.java:177)
	at com.python.pydev.analysis.builder.AnalysisBuilderVisitor.visitChangedResource(AnalysisBuilderVisitor.java:127)
	at com.python.pydev.analysis.builder.AnalysisBuilderVisitor.visitChangedResource(AnalysisBuilderVisitor.java:45)
	at org.python.pydev.builder.PydevGrouperVisitor.visitWith(PydevGrouperVisitor.java:115)
	at org.python.pydev.builder.PydevGrouperVisitor.visitChangedResource(PydevGrouperVisitor.java:166)
	at org.python.pydev.builder.PydevGrouperVisitor.finishDelayedVisits(PydevGrouperVisitor.java:190)
	at org.python.pydev.builder.PyDevBuilder.build(PyDevBuilder.java:135)
	at org.eclipse.core.internal.events.BuildManager$2.run(BuildManager.java:728)
	at org.eclipse.core.runtime.SafeRunner.run(SafeRunner.java:42)
	at org.eclipse.core.internal.events.BuildManager.basicBuild(BuildManager.java:199)
	at org.eclipse.core.internal.events.BuildManager.basicBuild(BuildManager.java:239)
	at org.eclipse.core.internal.events.BuildManager$1.run(BuildManager.java:292)
	at org.eclipse.core.runtime.SafeRunner.run(SafeRunner.java:42)
	at org.eclipse.core.internal.events.BuildManager.basicBuild(BuildManager.java:295)
	at org.eclipse.core.internal.events.BuildManager.basicBuildLoop(BuildManager.java:351)
	at org.eclipse.core.internal.events.BuildManager.build(BuildManager.java:374)
	at org.eclipse.core.internal.events.AutoBuildJob.doBuild(AutoBuildJob.java:143)
	at org.eclipse.core.internal.events.AutoBuildJob.run(AutoBuildJob.java:241)
	at org.eclipse.core.internal.jobs.Worker.run(Worker.java:54)

!ENTRY org.python.pydev.shared_core 4 4 2016-03-15 19:11:46.561
!MESSAGE Did not expect to find item below node: Assign[targets=[Name[id=tmp, ctx=Store, reserved=false]], value=null] (module: housing_price_predictor).
!STACK 0
java.lang.RuntimeException: Did not expect to find item below node: Assign[targets=[Name[id=tmp, ctx=Store, reserved=false]], value=null] (module: housing_price_predictor).
	at org.python.pydev.core.log.Log.log(Log.java:54)
	at org.python.pydev.parser.fastparser.FastDefinitionsParser.endScopesInStack(FastDefinitionsParser.java:589)
	at org.python.pydev.parser.fastparser.FastDefinitionsParser.handleNewLine(FastDefinitionsParser.java:380)
	at org.python.pydev.parser.fastparser.FastDefinitionsParser.extractBody(FastDefinitionsParser.java:249)
	at org.python.pydev.parser.fastparser.FastDefinitionsParser.parse(FastDefinitionsParser.java:676)
	at org.python.pydev.parser.fastparser.FastDefinitionsParser.parse(FastDefinitionsParser.java:670)
	at org.python.pydev.parser.fastparser.FastDefinitionsParser.parse(FastDefinitionsParser.java:661)
	at com.python.pydev.analysis.builder.AnalysisBuilderVisitor$1.call(AnalysisBuilderVisitor.java:113)
	at com.python.pydev.analysis.builder.AnalysisBuilderVisitor$1.call(AnalysisBuilderVisitor.java:1)
	at com.python.pydev.analysis.builder.AnalysisBuilderRunnable.<init>(AnalysisBuilderRunnable.java:152)
	at com.python.pydev.analysis.builder.AnalysisBuilderRunnableFactory.createRunnable(AnalysisBuilderRunnableFactory.java:222)
	at com.python.pydev.analysis.builder.AnalysisBuilderVisitor.doVisitChangedResource(AnalysisBuilderVisitor.java:177)
	at com.python.pydev.analysis.builder.AnalysisBuilderVisitor.visitChangedResource(AnalysisBuilderVisitor.java:127)
	at com.python.pydev.analysis.builder.AnalysisBuilderVisitor.visitChangedResource(AnalysisBuilderVisitor.java:45)
	at org.python.pydev.builder.PydevGrouperVisitor.visitWith(PydevGrouperVisitor.java:115)
	at org.python.pydev.builder.PydevGrouperVisitor.visitChangedResource(PydevGrouperVisitor.java:166)
	at org.python.pydev.builder.PydevGrouperVisitor.finishDelayedVisits(PydevGrouperVisitor.java:190)
	at org.python.pydev.builder.PyDevBuilder.build(PyDevBuilder.java:135)
	at org.eclipse.core.internal.events.BuildManager$2.run(BuildManager.java:728)
	at org.eclipse.core.runtime.SafeRunner.run(SafeRunner.java:42)
	at org.eclipse.core.internal.events.BuildManager.basicBuild(BuildManager.java:199)
	at org.eclipse.core.internal.events.BuildManager.basicBuild(BuildManager.java:239)
	at org.eclipse.core.internal.events.BuildManager$1.run(BuildManager.java:292)
	at org.eclipse.core.runtime.SafeRunner.run(SafeRunner.java:42)
	at org.eclipse.core.internal.events.BuildManager.basicBuild(BuildManager.java:295)
	at org.eclipse.core.internal.events.BuildManager.basicBuildLoop(BuildManager.java:351)
	at org.eclipse.core.internal.events.BuildManager.build(BuildManager.java:374)
	at org.eclipse.core.internal.events.AutoBuildJob.doBuild(AutoBuildJob.java:143)
	at org.eclipse.core.internal.events.AutoBuildJob.run(AutoBuildJob.java:241)
	at org.eclipse.core.internal.jobs.Worker.run(Worker.java:54)

!ENTRY org.python.pydev.shared_core 4 4 2016-03-15 19:29:54.925
!MESSAGE Unhandled: ExtSlice[dims=[Slice[lower=null, upper=null, step=null], Index[value=Name[id=j, ctx=Load, reserved=false]]]]
!STACK 0
java.lang.RuntimeException: Unhandled: ExtSlice[dims=[Slice[lower=null, upper=null, step=null], Index[value=Name[id=j, ctx=Load, reserved=false]]]]
	at org.python.pydev.parser.prettyprinterv2.MakeAstValidForPrettyPrintingVisitor.unhandled_node(MakeAstValidForPrettyPrintingVisitor.java:105)
	at org.python.pydev.parser.jython.ast.VisitorBase.visitExtSlice(VisitorBase.java:345)
	at org.python.pydev.parser.jython.ast.ExtSlice.accept(ExtSlice.java:79)
	at org.python.pydev.parser.prettyprinterv2.MakeAstValidForPrettyPrintingVisitor.visitSubscript(MakeAstValidForPrettyPrintingVisitor.java:933)
	at org.python.pydev.parser.jython.ast.Subscript.accept(Subscript.java:93)
	at org.python.pydev.parser.prettyprinterv2.MakeAstValidForPrettyPrintingVisitor.visitAttribute(MakeAstValidForPrettyPrintingVisitor.java:600)
	at org.python.pydev.parser.jython.ast.Attribute.accept(Attribute.java:93)
	at org.python.pydev.parser.prettyprinterv2.MakeAstValidForPrettyPrintingVisitor.visitCall(MakeAstValidForPrettyPrintingVisitor.java:610)
	at org.python.pydev.parser.jython.ast.Call.accept(Call.java:131)
	at org.python.pydev.parser.prettyprinterv2.MakeAstValidForPrettyPrintingVisitor.handleArguments(MakeAstValidForPrettyPrintingVisitor.java:1067)
	at org.python.pydev.parser.prettyprinterv2.MakeAstValidForPrettyPrintingVisitor.visitCall(MakeAstValidForPrettyPrintingVisitor.java:612)
	at org.python.pydev.parser.jython.ast.Call.accept(Call.java:131)
	at org.python.pydev.parser.prettyprinterv2.MakeAstValidForPrettyPrintingVisitor.visitListComp(MakeAstValidForPrettyPrintingVisitor.java:316)
	at org.python.pydev.parser.jython.ast.ListComp.accept(ListComp.java:100)
	at org.python.pydev.parser.prettyprinterv2.MakeAstValidForPrettyPrintingVisitor.handleArguments(MakeAstValidForPrettyPrintingVisitor.java:1067)
	at org.python.pydev.parser.prettyprinterv2.MakeAstValidForPrettyPrintingVisitor.visitCall(MakeAstValidForPrettyPrintingVisitor.java:612)
	at org.python.pydev.parser.jython.ast.Call.accept(Call.java:131)
	at org.python.pydev.parser.prettyprinterv2.MakeAstValidForPrettyPrintingVisitor.visitAssign(MakeAstValidForPrettyPrintingVisitor.java:184)
	at org.python.pydev.parser.jython.ast.Assign.accept(Assign.java:90)
	at org.python.pydev.parser.prettyprinterv2.MakeAstValidForPrettyPrintingVisitor.visitOrElsePart(MakeAstValidForPrettyPrintingVisitor.java:512)
	at org.python.pydev.parser.prettyprinterv2.MakeAstValidForPrettyPrintingVisitor.visitIfPart(MakeAstValidForPrettyPrintingVisitor.java:1166)
	at org.python.pydev.parser.prettyprinterv2.MakeAstValidForPrettyPrintingVisitor.visitIf(MakeAstValidForPrettyPrintingVisitor.java:1114)
	at org.python.pydev.parser.jython.ast.If.accept(If.java:102)
	at org.python.pydev.parser.prettyprinterv2.MakeAstValidForPrettyPrintingVisitor.visitIfPart(MakeAstValidForPrettyPrintingVisitor.java:1133)
	at org.python.pydev.parser.prettyprinterv2.MakeAstValidForPrettyPrintingVisitor.visitIf(MakeAstValidForPrettyPrintingVisitor.java:1114)
	at org.python.pydev.parser.jython.ast.If.accept(If.java:102)
	at org.python.pydev.parser.prettyprinterv2.MakeAstValidForPrettyPrintingVisitor.visitFunctionDef(MakeAstValidForPrettyPrintingVisitor.java:862)
	at org.python.pydev.parser.jython.ast.FunctionDef.accept(FunctionDef.java:131)
	at org.python.pydev.parser.prettyprinterv2.MakeAstValidForPrettyPrintingVisitor.visitClassDef(MakeAstValidForPrettyPrintingVisitor.java:722)
	at org.python.pydev.parser.jython.ast.ClassDef.accept(ClassDef.java:166)
	at org.python.pydev.parser.prettyprinterv2.MakeAstValidForPrettyPrintingVisitor.makeValid(MakeAstValidForPrettyPrintingVisitor.java:171)
	at org.python.pydev.editor.hover.PyTextHover.getDocstringHover(PyTextHover.java:232)
	at org.python.pydev.editor.hover.PyTextHover.getHoverInfo(PyTextHover.java:144)
	at org.eclipse.jface.text.TextViewerHoverManager$4.run(TextViewerHoverManager.java:168)

!ENTRY org.python.pydev.shared_core 4 4 2016-03-15 19:30:33.429
!MESSAGE Unhandled: ExtSlice[dims=[Slice[lower=null, upper=null, step=null], Index[value=Name[id=j, ctx=Load, reserved=false]]]]
!STACK 0
java.lang.RuntimeException: Unhandled: ExtSlice[dims=[Slice[lower=null, upper=null, step=null], Index[value=Name[id=j, ctx=Load, reserved=false]]]]
	at org.python.pydev.parser.prettyprinterv2.MakeAstValidForPrettyPrintingVisitor.unhandled_node(MakeAstValidForPrettyPrintingVisitor.java:105)
	at org.python.pydev.parser.jython.ast.VisitorBase.visitExtSlice(VisitorBase.java:345)
	at org.python.pydev.parser.jython.ast.ExtSlice.accept(ExtSlice.java:79)
	at org.python.pydev.parser.prettyprinterv2.MakeAstValidForPrettyPrintingVisitor.visitSubscript(MakeAstValidForPrettyPrintingVisitor.java:933)
	at org.python.pydev.parser.jython.ast.Subscript.accept(Subscript.java:93)
	at org.python.pydev.parser.prettyprinterv2.MakeAstValidForPrettyPrintingVisitor.visitAttribute(MakeAstValidForPrettyPrintingVisitor.java:600)
	at org.python.pydev.parser.jython.ast.Attribute.accept(Attribute.java:93)
	at org.python.pydev.parser.prettyprinterv2.MakeAstValidForPrettyPrintingVisitor.visitCall(MakeAstValidForPrettyPrintingVisitor.java:610)
	at org.python.pydev.parser.jython.ast.Call.accept(Call.java:131)
	at org.python.pydev.parser.prettyprinterv2.MakeAstValidForPrettyPrintingVisitor.handleArguments(MakeAstValidForPrettyPrintingVisitor.java:1067)
	at org.python.pydev.parser.prettyprinterv2.MakeAstValidForPrettyPrintingVisitor.visitCall(MakeAstValidForPrettyPrintingVisitor.java:612)
	at org.python.pydev.parser.jython.ast.Call.accept(Call.java:131)
	at org.python.pydev.parser.prettyprinterv2.MakeAstValidForPrettyPrintingVisitor.visitListComp(MakeAstValidForPrettyPrintingVisitor.java:316)
	at org.python.pydev.parser.jython.ast.ListComp.accept(ListComp.java:100)
	at org.python.pydev.parser.prettyprinterv2.MakeAstValidForPrettyPrintingVisitor.handleArguments(MakeAstValidForPrettyPrintingVisitor.java:1067)
	at org.python.pydev.parser.prettyprinterv2.MakeAstValidForPrettyPrintingVisitor.visitCall(MakeAstValidForPrettyPrintingVisitor.java:612)
	at org.python.pydev.parser.jython.ast.Call.accept(Call.java:131)
	at org.python.pydev.parser.prettyprinterv2.MakeAstValidForPrettyPrintingVisitor.visitAssign(MakeAstValidForPrettyPrintingVisitor.java:184)
	at org.python.pydev.parser.jython.ast.Assign.accept(Assign.java:90)
	at org.python.pydev.parser.prettyprinterv2.MakeAstValidForPrettyPrintingVisitor.visitOrElsePart(MakeAstValidForPrettyPrintingVisitor.java:512)
	at org.python.pydev.parser.prettyprinterv2.MakeAstValidForPrettyPrintingVisitor.visitIfPart(MakeAstValidForPrettyPrintingVisitor.java:1166)
	at org.python.pydev.parser.prettyprinterv2.MakeAstValidForPrettyPrintingVisitor.visitIf(MakeAstValidForPrettyPrintingVisitor.java:1114)
	at org.python.pydev.parser.jython.ast.If.accept(If.java:102)
	at org.python.pydev.parser.prettyprinterv2.MakeAstValidForPrettyPrintingVisitor.visitIfPart(MakeAstValidForPrettyPrintingVisitor.java:1133)
	at org.python.pydev.parser.prettyprinterv2.MakeAstValidForPrettyPrintingVisitor.visitIf(MakeAstValidForPrettyPrintingVisitor.java:1114)
	at org.python.pydev.parser.jython.ast.If.accept(If.java:102)
	at org.python.pydev.parser.prettyprinterv2.MakeAstValidForPrettyPrintingVisitor.visitFunctionDef(MakeAstValidForPrettyPrintingVisitor.java:862)
	at org.python.pydev.parser.jython.ast.FunctionDef.accept(FunctionDef.java:131)
	at org.python.pydev.parser.prettyprinterv2.MakeAstValidForPrettyPrintingVisitor.visitClassDef(MakeAstValidForPrettyPrintingVisitor.java:722)
	at org.python.pydev.parser.jython.ast.ClassDef.accept(ClassDef.java:166)
	at org.python.pydev.parser.prettyprinterv2.MakeAstValidForPrettyPrintingVisitor.makeValid(MakeAstValidForPrettyPrintingVisitor.java:171)
	at org.python.pydev.editor.hover.PyTextHover.getDocstringHover(PyTextHover.java:232)
	at org.python.pydev.editor.hover.PyTextHover.getHoverInfo(PyTextHover.java:144)
	at org.eclipse.jface.text.TextViewerHoverManager$4.run(TextViewerHoverManager.java:168)
!SESSION 2016-03-15 23:35:02.907 -----------------------------------------------
eclipse.buildId=debbuild
java.version=1.8.0_66-internal
java.vendor=Oracle Corporation
BootLoader constants: OS=linux, ARCH=x86_64, WS=gtk, NL=en_IN
Command-line arguments:  -os linux -ws gtk -arch x86_64

!ENTRY org.eclipse.jface 2 0 2016-03-15 23:35:18.870
!MESSAGE Keybinding conflicts occurred.  They may interfere with normal accelerator operation.
!SUBENTRY 1 org.eclipse.jface 2 0 2016-03-15 23:35:18.870
!MESSAGE A conflict occurred for ALT+SHIFT+D R:
Binding(ALT+SHIFT+D R,
	ParameterizedCommand(Command(org.eclipse.rap.ui.launch.RAPLaunchShortcut.debug,Debug RAP Application,
		Debug RAP Application,
		Category(org.eclipse.debug.ui.category.run,Run/Debug,Run/Debug command category,true),
		,
		,,true),null),
	org.eclipse.ui.defaultAcceleratorConfiguration,
	org.eclipse.ui.contexts.window,,,system)
Binding(ALT+SHIFT+D R,
	ParameterizedCommand(Command(org.eclipse.wst.server.launchShortcut.debug,Debug on Server,
		Debug the current selection on a server,
		Category(org.eclipse.debug.ui.category.run,Run/Debug,Run/Debug command category,true),
		,
		,,true),null),
	org.eclipse.ui.defaultAcceleratorConfiguration,
	org.eclipse.ui.contexts.window,,,system)
!SUBENTRY 1 org.eclipse.jface 2 0 2016-03-15 23:35:18.870
!MESSAGE A conflict occurred for ALT+SHIFT+X R:
Binding(ALT+SHIFT+X R,
	ParameterizedCommand(Command(org.eclipse.rap.ui.launch.RAPLaunchShortcut.run,Run RAP Application,
		Run RAP Application,
		Category(org.eclipse.debug.ui.category.run,Run/Debug,Run/Debug command category,true),
		,
		,,true),null),
	org.eclipse.ui.defaultAcceleratorConfiguration,
	org.eclipse.ui.contexts.window,,,system)
Binding(ALT+SHIFT+X R,
	ParameterizedCommand(Command(org.eclipse.wst.server.launchShortcut.run,Run on Server,
		Run the current selection on a server,
		Category(org.eclipse.debug.ui.category.run,Run/Debug,Run/Debug command category,true),
		,
		,,true),null),
	org.eclipse.ui.defaultAcceleratorConfiguration,
	org.eclipse.ui.contexts.window,,,system)

!ENTRY org.eclipse.wst.common.project.facet.core 4 0 2016-03-15 23:35:31.615
!MESSAGE Project facet wst.web has not been defined. It is used in plugin org.eclipse.jst.common.project.facet.core.

!ENTRY org.eclipse.wst.common.project.facet.core 4 0 2016-03-15 23:35:31.621
!MESSAGE Project facet jpt.jpa has not been defined. It is used in plugin org.eclipse.libra.facet.
!SESSION 2016-03-16 22:54:13.242 -----------------------------------------------
eclipse.buildId=debbuild
java.version=1.8.0_66-internal
java.vendor=Oracle Corporation
BootLoader constants: OS=linux, ARCH=x86_64, WS=gtk, NL=en_IN
Command-line arguments:  -os linux -ws gtk -arch x86_64

!ENTRY org.eclipse.jface 2 0 2016-03-16 22:54:43.187
!MESSAGE Keybinding conflicts occurred.  They may interfere with normal accelerator operation.
!SUBENTRY 1 org.eclipse.jface 2 0 2016-03-16 22:54:43.187
!MESSAGE A conflict occurred for ALT+SHIFT+X R:
Binding(ALT+SHIFT+X R,
	ParameterizedCommand(Command(org.eclipse.rap.ui.launch.RAPLaunchShortcut.run,Run RAP Application,
		Run RAP Application,
		Category(org.eclipse.debug.ui.category.run,Run/Debug,Run/Debug command category,true),
		org.eclipse.debug.internal.ui.launchConfigurations.LaunchShortcutExtension$LaunchCommandHandler@7f0a133d,
		,,true),null),
	org.eclipse.ui.defaultAcceleratorConfiguration,
	org.eclipse.ui.contexts.window,,,system)
Binding(ALT+SHIFT+X R,
	ParameterizedCommand(Command(org.eclipse.wst.server.launchShortcut.run,Run on Server,
		Run the current selection on a server,
		Category(org.eclipse.debug.ui.category.run,Run/Debug,Run/Debug command category,true),
		org.eclipse.debug.internal.ui.launchConfigurations.LaunchShortcutExtension$LaunchCommandHandler@241fbec,
		,,true),null),
	org.eclipse.ui.defaultAcceleratorConfiguration,
	org.eclipse.ui.contexts.window,,,system)
!SUBENTRY 1 org.eclipse.jface 2 0 2016-03-16 22:54:43.187
!MESSAGE A conflict occurred for ALT+SHIFT+D R:
Binding(ALT+SHIFT+D R,
	ParameterizedCommand(Command(org.eclipse.rap.ui.launch.RAPLaunchShortcut.debug,Debug RAP Application,
		Debug RAP Application,
		Category(org.eclipse.debug.ui.category.run,Run/Debug,Run/Debug command category,true),
		org.eclipse.debug.internal.ui.launchConfigurations.LaunchShortcutExtension$LaunchCommandHandler@715fa8c5,
		,,true),null),
	org.eclipse.ui.defaultAcceleratorConfiguration,
	org.eclipse.ui.contexts.window,,,system)
Binding(ALT+SHIFT+D R,
	ParameterizedCommand(Command(org.eclipse.wst.server.launchShortcut.debug,Debug on Server,
		Debug the current selection on a server,
		Category(org.eclipse.debug.ui.category.run,Run/Debug,Run/Debug command category,true),
		org.eclipse.debug.internal.ui.launchConfigurations.LaunchShortcutExtension$LaunchCommandHandler@644a3add,
		,,true),null),
	org.eclipse.ui.defaultAcceleratorConfiguration,
	org.eclipse.ui.contexts.window,,,system)

!ENTRY org.eclipse.jface 2 0 2016-03-16 22:54:47.340
!MESSAGE Keybinding conflicts occurred.  They may interfere with normal accelerator operation.
!SUBENTRY 1 org.eclipse.jface 2 0 2016-03-16 22:54:47.341
!MESSAGE A conflict occurred for CTRL+SHIFT+T:
Binding(CTRL+SHIFT+T,
	ParameterizedCommand(Command(org.eclipse.jdt.ui.navigate.open.type,Open Type,
		Open a type in a Java editor,
		Category(org.eclipse.ui.category.navigate,Navigate,null,true),
		,
		,,true),null),
	org.eclipse.ui.defaultAcceleratorConfiguration,
	org.eclipse.ui.contexts.window,,,system)
Binding(CTRL+SHIFT+T,
	ParameterizedCommand(Command(com.python.pydev.analysis.actions.pyGlobalsBrowserWorkbench,Python Show Global Tokens (Global),
		Python Show Global Tokens (Global),
		Category(org.python.pydev.ui.category.source,PyDev - Editor,PyDev editor category,true),
		ActionDelegateHandlerProxy(null,com.python.pydev.analysis.actions.PyGlobalsBrowserWorkbench),
		,,true),null),
	org.eclipse.ui.defaultAcceleratorConfiguration,
	com.python.pydev.contexts.window,,,system)
Binding(CTRL+SHIFT+T,
	ParameterizedCommand(Command(org.python.pydev.editor.actions.pyShowBrowser,Python Show Global Tokens (Editor),
		Python Show Global Tokens (Editor),
		Category(org.python.pydev.ui.category.source,PyDev - Editor,PyDev editor category,true),
		ActionDelegateHandlerProxy(null,org.python.pydev.editor.actions.PyShowBrowser),
		,,true),null),
	org.eclipse.ui.defaultAcceleratorConfiguration,
	org.python.pydev.ui.editor.scope,,,system)

!ENTRY org.eclipse.wst.common.project.facet.core 4 0 2016-03-16 22:54:56.898
!MESSAGE Project facet wst.web has not been defined. It is used in plugin org.eclipse.jst.common.project.facet.core.

!ENTRY org.eclipse.wst.common.project.facet.core 4 0 2016-03-16 22:54:56.901
!MESSAGE Project facet jpt.jpa has not been defined. It is used in plugin org.eclipse.libra.facet.

!ENTRY org.python.pydev.shared_core 4 4 2016-03-16 23:01:25.291
!MESSAGE Unable to read contents from: /home/qwerty/Desktop/mycodes/PythonWorkspace/.metadata/.plugins/org.python.pydev/v1_bm109oo8jsa5gnqmc06ekl12p/shell/sci_8j20pp6ixsl1znybu1vy2amuk.top
!STACK 0
java.io.EOFException: Unexpected end of ZLIB input stream
	at java.util.zip.InflaterInputStream.fill(InflaterInputStream.java:240)
	at java.util.zip.InflaterInputStream.read(InflaterInputStream.java:158)
	at java.util.zip.GZIPInputStream.read(GZIPInputStream.java:117)
	at java.io.BufferedInputStream.fill(BufferedInputStream.java:246)
	at java.io.BufferedInputStream.read1(BufferedInputStream.java:286)
	at java.io.BufferedInputStream.read(BufferedInputStream.java:345)
	at java.io.ObjectInputStream$PeekInputStream.read(ObjectInputStream.java:2320)
	at java.io.ObjectInputStream$PeekInputStream.readFully(ObjectInputStream.java:2333)
	at java.io.ObjectInputStream$BlockDataInputStream.readShort(ObjectInputStream.java:2804)
	at java.io.ObjectInputStream.readStreamHeader(ObjectInputStream.java:802)
	at java.io.ObjectInputStream.<init>(ObjectInputStream.java:299)
	at org.python.pydev.editor.codecompletion.revisited.modules.CompiledModule.getCached(CompiledModule.java:296)
	at org.python.pydev.editor.codecompletion.revisited.modules.CompiledModule.<init>(CompiledModule.java:148)
	at org.python.pydev.editor.codecompletion.revisited.SystemModulesManager.getBuiltinModule(SystemModulesManager.java:325)
	at org.python.pydev.editor.codecompletion.revisited.SystemModulesManager.getBuiltinModule(SystemModulesManager.java:1)
	at org.python.pydev.editor.codecompletion.revisited.ProjectModulesManager.getModuleAndRelatedModulesManager(ProjectModulesManager.java:193)
	at org.python.pydev.editor.codecompletion.revisited.ProjectModulesManager.getModule(ProjectModulesManager.java:173)
	at org.python.pydev.editor.codecompletion.revisited.AbstractASTManager.getModule(AbstractASTManager.java:451)
	at org.python.pydev.editor.codecompletion.revisited.modules.SourceModule.findGlobalTokDef(SourceModule.java:1080)
	at org.python.pydev.editor.codecompletion.revisited.modules.SourceModule.findDefinitionsFromModAndTok(SourceModule.java:970)
	at org.python.pydev.editor.codecompletion.revisited.modules.SourceModule.findDefinition(SourceModule.java:952)
	at org.python.pydev.editor.codecompletion.revisited.modules.SourceModule.findDefinition(SourceModule.java:665)
	at org.python.pydev.editor.codecompletion.revisited.modules.SourceModule.findDefinition(SourceModule.java:1)
	at org.python.pydev.editor.refactoring.PyRefactoringFindDefinition.findActualDefinition(PyRefactoringFindDefinition.java:182)
	at org.python.pydev.editor.refactoring.PyRefactoringFindDefinition.findActualDefinition(PyRefactoringFindDefinition.java:81)
	at org.python.pydev.editor.hover.PyTextHover.getDocstringHover(PyTextHover.java:200)
	at org.python.pydev.editor.hover.PyTextHover.getHoverInfo(PyTextHover.java:144)
	at org.eclipse.jface.text.TextViewerHoverManager$4.run(TextViewerHoverManager.java:168)

!ENTRY org.python.pydev.shared_core 4 4 2016-03-16 23:01:26.797
!MESSAGE Unable to read contents from: /home/qwerty/Desktop/mycodes/PythonWorkspace/.metadata/.plugins/org.python.pydev/v1_bm109oo8jsa5gnqmc06ekl12p/shell/sci_da3om7wv9858jgrx78bns0mf2.top
!STACK 0
java.io.EOFException
	at java.util.zip.GZIPInputStream.readUByte(GZIPInputStream.java:268)
	at java.util.zip.GZIPInputStream.readUShort(GZIPInputStream.java:258)
	at java.util.zip.GZIPInputStream.readHeader(GZIPInputStream.java:164)
	at java.util.zip.GZIPInputStream.<init>(GZIPInputStream.java:79)
	at java.util.zip.GZIPInputStream.<init>(GZIPInputStream.java:91)
	at org.python.pydev.editor.codecompletion.revisited.modules.CompiledModule.getCached(CompiledModule.java:295)
	at org.python.pydev.editor.codecompletion.revisited.modules.CompiledModule.<init>(CompiledModule.java:158)
	at org.python.pydev.editor.codecompletion.revisited.SystemModulesManager.getBuiltinModule(SystemModulesManager.java:325)
	at org.python.pydev.editor.codecompletion.revisited.SystemModulesManager.getBuiltinModule(SystemModulesManager.java:1)
	at org.python.pydev.editor.codecompletion.revisited.ProjectModulesManager.getModuleAndRelatedModulesManager(ProjectModulesManager.java:193)
	at org.python.pydev.editor.codecompletion.revisited.ProjectModulesManager.getModule(ProjectModulesManager.java:173)
	at org.python.pydev.editor.codecompletion.revisited.AbstractASTManager.getModule(AbstractASTManager.java:451)
	at org.python.pydev.editor.codecompletion.revisited.modules.SourceModule.findGlobalTokDef(SourceModule.java:1080)
	at org.python.pydev.editor.codecompletion.revisited.modules.SourceModule.findDefinitionsFromModAndTok(SourceModule.java:970)
	at org.python.pydev.editor.codecompletion.revisited.modules.SourceModule.findDefinition(SourceModule.java:952)
	at org.python.pydev.editor.codecompletion.revisited.modules.SourceModule.findDefinition(SourceModule.java:665)
	at org.python.pydev.editor.codecompletion.revisited.modules.SourceModule.findDefinition(SourceModule.java:1)
	at org.python.pydev.editor.codecompletion.revisited.modules.CompiledModule.findDefinition(CompiledModule.java:640)
	at org.python.pydev.editor.codecompletion.revisited.modules.CompiledModule.findDefinition(CompiledModule.java:1)
	at org.python.pydev.editor.codecompletion.revisited.modules.SourceModule.findGlobalTokDef(SourceModule.java:1097)
	at org.python.pydev.editor.codecompletion.revisited.modules.SourceModule.findDefinitionsFromModAndTok(SourceModule.java:970)
	at org.python.pydev.editor.codecompletion.revisited.modules.SourceModule.findDefinition(SourceModule.java:952)
	at org.python.pydev.editor.codecompletion.revisited.modules.SourceModule.findDefinition(SourceModule.java:665)
	at org.python.pydev.editor.codecompletion.revisited.modules.SourceModule.findDefinition(SourceModule.java:1)
	at org.python.pydev.editor.codecompletion.revisited.modules.CompiledModule.findDefinition(CompiledModule.java:640)
	at org.python.pydev.editor.codecompletion.revisited.modules.CompiledModule.findDefinition(CompiledModule.java:1)
	at org.python.pydev.editor.codecompletion.revisited.modules.SourceModule.findGlobalTokDef(SourceModule.java:1097)
	at org.python.pydev.editor.codecompletion.revisited.modules.SourceModule.findDefinitionsFromModAndTok(SourceModule.java:970)
	at org.python.pydev.editor.codecompletion.revisited.modules.SourceModule.findDefinition(SourceModule.java:952)
	at org.python.pydev.editor.codecompletion.revisited.modules.SourceModule.findDefinition(SourceModule.java:665)
	at org.python.pydev.editor.codecompletion.revisited.modules.SourceModule.findDefinition(SourceModule.java:1)
	at org.python.pydev.editor.refactoring.PyRefactoringFindDefinition.findActualDefinition(PyRefactoringFindDefinition.java:182)
	at org.python.pydev.editor.refactoring.PyRefactoringFindDefinition.findActualDefinition(PyRefactoringFindDefinition.java:81)
	at org.python.pydev.editor.hover.PyTextHover.getDocstringHover(PyTextHover.java:200)
	at org.python.pydev.editor.hover.PyTextHover.getHoverInfo(PyTextHover.java:144)
	at org.eclipse.jface.text.TextViewerHoverManager$4.run(TextViewerHoverManager.java:168)
!SESSION 2016-03-18 00:28:06.614 -----------------------------------------------
eclipse.buildId=debbuild
java.version=1.8.0_66-internal
java.vendor=Oracle Corporation
BootLoader constants: OS=linux, ARCH=x86_64, WS=gtk, NL=en_IN
Command-line arguments:  -os linux -ws gtk -arch x86_64

!ENTRY org.eclipse.jface 2 0 2016-03-18 00:28:27.813
!MESSAGE Keybinding conflicts occurred.  They may interfere with normal accelerator operation.
!SUBENTRY 1 org.eclipse.jface 2 0 2016-03-18 00:28:27.813
!MESSAGE A conflict occurred for ALT+SHIFT+D R:
Binding(ALT+SHIFT+D R,
	ParameterizedCommand(Command(org.eclipse.rap.ui.launch.RAPLaunchShortcut.debug,Debug RAP Application,
		Debug RAP Application,
		Category(org.eclipse.debug.ui.category.run,Run/Debug,Run/Debug command category,true),
		,
		,,true),null),
	org.eclipse.ui.defaultAcceleratorConfiguration,
	org.eclipse.ui.contexts.window,,,system)
Binding(ALT+SHIFT+D R,
	ParameterizedCommand(Command(org.eclipse.wst.server.launchShortcut.debug,Debug on Server,
		Debug the current selection on a server,
		Category(org.eclipse.debug.ui.category.run,Run/Debug,Run/Debug command category,true),
		,
		,,true),null),
	org.eclipse.ui.defaultAcceleratorConfiguration,
	org.eclipse.ui.contexts.window,,,system)
!SUBENTRY 1 org.eclipse.jface 2 0 2016-03-18 00:28:27.813
!MESSAGE A conflict occurred for ALT+SHIFT+X R:
Binding(ALT+SHIFT+X R,
	ParameterizedCommand(Command(org.eclipse.rap.ui.launch.RAPLaunchShortcut.run,Run RAP Application,
		Run RAP Application,
		Category(org.eclipse.debug.ui.category.run,Run/Debug,Run/Debug command category,true),
		,
		,,true),null),
	org.eclipse.ui.defaultAcceleratorConfiguration,
	org.eclipse.ui.contexts.window,,,system)
Binding(ALT+SHIFT+X R,
	ParameterizedCommand(Command(org.eclipse.wst.server.launchShortcut.run,Run on Server,
		Run the current selection on a server,
		Category(org.eclipse.debug.ui.category.run,Run/Debug,Run/Debug command category,true),
		,
		,,true),null),
	org.eclipse.ui.defaultAcceleratorConfiguration,
	org.eclipse.ui.contexts.window,,,system)

!ENTRY org.eclipse.jface 2 0 2016-03-18 00:28:36.661
!MESSAGE Keybinding conflicts occurred.  They may interfere with normal accelerator operation.
!SUBENTRY 1 org.eclipse.jface 2 0 2016-03-18 00:28:36.661
!MESSAGE A conflict occurred for CTRL+SHIFT+T:
Binding(CTRL+SHIFT+T,
	ParameterizedCommand(Command(org.eclipse.jdt.ui.navigate.open.type,Open Type,
		Open a type in a Java editor,
		Category(org.eclipse.ui.category.navigate,Navigate,null,true),
		,
		,,true),null),
	org.eclipse.ui.defaultAcceleratorConfiguration,
	org.eclipse.ui.contexts.window,,,system)
Binding(CTRL+SHIFT+T,
	ParameterizedCommand(Command(com.python.pydev.analysis.actions.pyGlobalsBrowserWorkbench,Python Show Global Tokens (Global),
		Python Show Global Tokens (Global),
		Category(org.python.pydev.ui.category.source,PyDev - Editor,PyDev editor category,true),
		ActionDelegateHandlerProxy(null,com.python.pydev.analysis.actions.PyGlobalsBrowserWorkbench),
		,,true),null),
	org.eclipse.ui.defaultAcceleratorConfiguration,
	com.python.pydev.contexts.window,,,system)
Binding(CTRL+SHIFT+T,
	ParameterizedCommand(Command(org.python.pydev.editor.actions.pyShowBrowser,Python Show Global Tokens (Editor),
		Python Show Global Tokens (Editor),
		Category(org.python.pydev.ui.category.source,PyDev - Editor,PyDev editor category,true),
		ActionDelegateHandlerProxy(null,org.python.pydev.editor.actions.PyShowBrowser),
		,,true),null),
	org.eclipse.ui.defaultAcceleratorConfiguration,
	org.python.pydev.ui.editor.scope,,,system)

!ENTRY org.eclipse.wst.common.project.facet.core 4 0 2016-03-18 00:28:48.022
!MESSAGE Project facet wst.web has not been defined. It is used in plugin org.eclipse.jst.common.project.facet.core.

!ENTRY org.eclipse.wst.common.project.facet.core 4 0 2016-03-18 00:28:48.030
!MESSAGE Project facet jpt.jpa has not been defined. It is used in plugin org.eclipse.libra.facet.
